
                           Design Compiler Graphical 
                                 DC Ultra (TM)
                                  DFTMAX (TM)
                              Power Compiler (TM)
                                 DesignWare (R)
                                 DC Expert (TM)
                               Design Vision (TM)
                               HDL Compiler (TM)
                               VHDL Compiler (TM)
                                  DFT Compiler
                               Design Compiler(R)

               Version L-2016.03-SP5 for linux64 - Oct 14, 2016 

                    Copyright (c) 1988 - 2016 Synopsys, Inc.
   This software and the associated documentation are proprietary to Synopsys,
 Inc. This software may only be used in accordance with the terms and conditions
 of a written license agreement with Synopsys, Inc. All other use, reproduction,
            or distribution of this software is strictly prohibited.
Initializing...
Error: could not open script file "/bks2/PB17061127/DA_VLSI_Lab5/rm_setup/rm_dc_scripts/dc.tcl" (CMD-015)
dc_shell> exit

Memory usage for main task 53 Mbytes.
Memory usage for this session 53 Mbytes.
CPU usage for this session 3 seconds ( 0.00 hours ).

Thank you...
