 
****************************************
Report : design
        -physical
Design : picorv32
Version: H-2013.03-ICC-SP2
Date   : Sun Dec 13 20:36:13 2020
****************************************

****************************** P&R Summary ********************************
Date : Sun Dec 13 20:36:13 2020
Machine Host Name: mgt
Working Directory: /bks2/PB17061127/DA_VLSI_PD
Library Name:      picorv32_LIB
Cell Name:         clock_opt_psyn_icc.CEL;1
Design Statistics:
    Number of Module Cells:        9006
    Number of Pins:                53009
    Number of IO Pins:             409
    Number of Nets:                9475
    Average Pins Per Net (Signal): 3.37318

Chip Utilization:
    Total Std Cell Area:           31573.58
    Core Size:     width 212.80, height 212.34; area 45186.80
    Chip Size:     width 272.80, height 272.34; area 74295.44
    Std cells utilization:         69.87% 
    Cell/Core Ratio:               69.87%
    Cell/Chip Ratio:               42.50%
    Number of Cell Rows:            127

Master Instantiation:
	MasterName	Type	InstCount
	=================================
	DFFX1_HVT	STD	1722
	AO22X1_HVT	STD	1430
	MUX21X1_HVT	STD	1252
	NAND2X0_HVT	STD	688
	INVX0_HVT	STD	354
	NOR4X1_HVT	STD	317
	AND2X1_HVT	STD	311
	NOR2X0_HVT	STD	289
	XOR2X1_HVT	STD	193
	OA22X1_HVT	STD	186
	NBUFFX4_HVT	STD	142
	NAND4X0_HVT	STD	141
	OR2X1_HVT	STD	140
	XNOR2X1_HVT	STD	136
	NAND3X0_HVT	STD	129
	AO222X1_HVT	STD	128
	NBUFFX8_HVT	STD	113
	DFFX2_HVT	STD	108
	NBUFFX2_HVT	STD	107
	OAI21X1_HVT	STD	99
	OA21X1_HVT	STD	90
	AOI22X1_HVT	STD	89
	AO21X1_HVT	STD	86
	AND2X4_HVT	STD	86
	AOI21X1_HVT	STD	81
	OR3X1_HVT	STD	64
	LATCHX1_HVT	STD	62
	AND2X2_HVT	STD	51
	INVX4_HVT	STD	42
	AND3X1_HVT	STD	29
	OR2X2_HVT	STD	28
	NBUFFX32_HVT	STD	23
	AND4X1_HVT	STD	22
	INVX2_HVT	STD	22
	HADDX1_HVT	STD	22
	FADDX1_HVT	STD	19
	INVX8_HVT	STD	18
	NBUFFX16_HVT	STD	17
	OR3X2_HVT	STD	12
	AO22X2_HVT	STD	11
	INVX32_LVT	STD	11
	AND3X4_HVT	STD	11
	NAND3X4_HVT	STD	10
	MUX21X2_HVT	STD	8
	OA221X1_HVT	STD	8
	NOR2X4_HVT	STD	7
	INVX16_HVT	STD	7
	NAND2X2_HVT	STD	6
	INVX32_RVT	STD	6
	LATCHX2_HVT	STD	6
	AO222X2_HVT	STD	5
	AND4X4_HVT	STD	5
	NAND3X2_HVT	STD	5
	AND3X2_HVT	STD	4
	OAI22X1_HVT	STD	4
	OR2X4_HVT	STD	4
	NAND2X4_HVT	STD	4
	XOR2X2_HVT	STD	4
	AO221X1_HVT	STD	4
	NOR3X0_HVT	STD	3
	NOR2X2_HVT	STD	3
	AND4X2_HVT	STD	3
	AO21X2_HVT	STD	2
	OR4X1_HVT	STD	2
	OA22X2_HVT	STD	2
	XNOR2X2_HVT	STD	2
	NOR3X2_HVT	STD	1
	AOI22X2_HVT	STD	1
	OAI21X2_HVT	STD	1
	IBUFFX16_HVT	STD	1
	MUX21X1_RVT	STD	1
	NBUFFX2_LVT	STD	1
	INVX32_HVT	STD	1
	OAI22X2_HVT	STD	1
	OR3X4_HVT	STD	1
	FADDX2_HVT	STD	1
	IBUFFX2_HVT	STD	1
	=================================

Timing/Optimization Information:

Global Routing Information:
    layer M1, dir Hor, min width = 0.05, min space = 0.05 pitch = 0.13
    layer M2, dir Ver, min width = 0.06, min space = 0.06 pitch = 0.16
    layer M3, dir Ver, min width = 0.06, min space = 0.06 pitch = 0.16
    layer M4, dir Ver, min width = 0.06, min space = 0.06 pitch = 0.16
    layer M5, dir Hor, min width = 0.06, min space = 0.06 pitch = 0.16
    layer M6, dir Ver, min width = 0.06, min space = 0.06 pitch = 0.16
    layer M7, dir Ver, min width = 0.06, min space = 0.06 pitch = 0.16
    layer M8, dir Ver, min width = 0.06, min space = 0.06 pitch = 0.16
    layer M9, dir Hor, min width = 0.16, min space = 0.16 pitch = 1.74
    layer MRDL, dir Ver, min width = 2.00, min space = 2.00 pitch = 4.50
     
    Average gCell capacity  6.38	 on layer (1)	 M1
    Average gCell capacity  10.19	 on layer (2)	 M2
    Average gCell capacity  10.20	 on layer (3)	 M3
    Average gCell capacity  10.20	 on layer (4)	 M4
    Average gCell capacity  10.17	 on layer (5)	 M5
    Average gCell capacity  10.20	 on layer (6)	 M6
    Average gCell capacity  10.20	 on layer (7)	 M7
    Average gCell capacity  10.20	 on layer (8)	 M8
    Average gCell capacity  0.95	 on layer (9)	 M9
    Average gCell capacity  0.00	 on layer (10)	 MRDL
     
    Initial. Both Dirs: Overflow =   432 Max = 2 GRCs =   439 (0.82%)
    Initial. H routing: Overflow =   432 Max = 2 (GRCs =  5) GRCs =   439 (1.63%)
    Initial. V routing: Overflow =     0 Max = 0 (GRCs =  0) GRCs =     0 (0.00%)
     
    phase1. Both Dirs: Overflow =   427 Max = 2 GRCs =   436 (0.81%)
    phase1. H routing: Overflow =   427 Max = 2 (GRCs =  3) GRCs =   436 (1.62%)
    phase1. V routing: Overflow =     0 Max = 0 (GRCs =  0) GRCs =     0 (0.00%)
     
    phase2. Both Dirs: Overflow =   259 Max = 2 GRCs =   264 (0.49%)
    phase2. H routing: Overflow =   259 Max = 2 (GRCs =  3) GRCs =   264 (0.98%)
    phase2. V routing: Overflow =     0 Max = 0 (GRCs =  0) GRCs =     0 (0.00%)
     
    phase3. Both Dirs: Overflow =   259 Max = 2 GRCs =   264 (0.49%)
    phase3. H routing: Overflow =   259 Max = 2 (GRCs =  3) GRCs =   264 (0.98%)
    phase3. V routing: Overflow =     0 Max = 0 (GRCs =  0) GRCs =     0 (0.00%)
     
    Total Wire Length = 9330.66
    Layer M1 wire length = 48.17
    Layer M2 wire length = 61.81
    Layer M3 wire length = 4250.32
    Layer M4 wire length = 3811.80
    Layer M5 wire length = 473.10
    Layer M6 wire length = 0.00
    Layer M7 wire length = 0.00
    Layer M8 wire length = 441.34
    Layer M9 wire length = 244.11
    Layer MRDL wire length = 0.00
    Total Number of Contacts = 6707
    Via VIA12SQ_C count = 2261
    Via VIA23SQ count = 2128
    Via VIA34SQ count = 1968
    Via VIA45SQ_C count = 279
    Via VIA56SQ_C count = 16
    Via VIA67SQ count = 16
    Via VIA78SQ count = 16
    Via VIA89_C count = 23
    Via VIA9RDL count = 0
     
    Elapsed real time: 0:00:00
    Elapsed cpu time: sys = 0:00:00 usr = 0:00:00 total = 0:00:00
    Total Proc Memory(MB):  764

Track Assignment Information:

Detailed Routing Information:

DRC information: 
      Total error number: 0

Ring Wiring Statistics:

Stripe Wiring Statistics:

User Wiring Statistics:

PG follow-pin Wiring Statistics:

Signal Wiring Statistics:
      Mask Name      Contact Code    Number Of Contacts    Percentage

  Horizontal/Vertical Wire Distribution:
    Layer      Hor. Wire (% of Hor.)     Ver. Wire (% of Ver.)
  ==============================================================
    Total              0.00                      0.00
1
