 
****************************************
Report : timing
        -path full_clock
        -delay max
        -physical
        -derate
        -input_pins
        -nets
        -max_paths 1
        -transition_time
        -crosstalk_delta
        -capacitance
Design : picorv32
Version: H-2013.03-ICC-SP2
Date   : Sun Dec 13 20:36:14 2020
****************************************

 * Some/all delay information is back-annotated.

Operating Conditions: tt1p05v125c   Library: saed32rvt_tt1p05v125c

Information: Percent of Arnoldi-based delays =  5.26%

  Startpoint: irq_mask_reg_20_
              (rising edge-triggered flip-flop clocked by clk)
  Endpoint: reg_next_pc_reg_31_
            (rising edge-triggered flip-flop clocked by clk)
  Path Group: clk
  Path Type: max

Attributes:
    d - dont_touch
    u - dont_use
   mo - map_only
   so - size_only
    i - ideal_net or ideal_network

  Point                        Fanout       Cap     DTran     Trans     Delta    Derate      Incr       Path      Location / Load        Attributes
  -------------------------------------------------------------------------------------------------------------------------------------------------
  clock clk (rise edge)                                                                     0.000      0.000
  clk (in)                                                    0.000                         0.000 @    0.000 r    (68.10, 0.00)
  clk (net)                      3       85.266                                             0.000      0.000 r    [24.93,85.27]          d 
  CTSINVX32_RVT_G1B2I1/A (INVX32_LVT)               0.000     0.032     0.000               0.018 @    0.018 r    (139.57,147.76)        d 
  CTSINVX32_RVT_G1B2I1/Y (INVX32_LVT)                         0.034                         0.019 @    0.037 f    (140.94,147.82)        d 
  clk_G1B1I1 (net)               5      118.412                                             0.000      0.037 f    [17.96,118.41]         d 
  CTSINVX32_RVT_G1B1I10_1/A (INVX32_LVT)            0.000     0.034     0.000               0.001 @    0.038 f    (144.93,139.63)        d 
  CTSINVX32_RVT_G1B1I10_1/Y (INVX32_LVT)                      0.036                         0.023 @    0.061 r    (143.56,139.57)        d 
  clk_G1B2I10 (net)            131      152.173                                             0.000      0.061 r    [70.79,152.17]         d 
  irq_mask_reg_20_/CLK (DFFX1_HVT)                  0.000     0.038     0.000               0.007 @    0.068 r    (149.81,78.66)
  irq_mask_reg_20_/CLK (DFFX1_HVT)                  0.000     0.038     0.000               0.000      0.068 r    (149.81,78.66)
  irq_mask_reg_20_/Q (DFFX1_HVT)                              0.035                         0.153      0.220 r    (152.70,79.42)
  irq_mask[20] (net)             4        3.193                                             0.000      0.220 r    [1.25,3.19]
  U5300/A1 (OR2X1_HVT)                              0.000     0.035     0.000               0.000 *    0.221 r    (153.47,87.68)
  U5300/Y (OR2X1_HVT)                                         0.059                         0.091      0.311 r    (154.10,87.50)
  n10405 (net)                   3        7.435                                             0.000      0.311 r    [4.18,7.43]
  U5303/A3 (AND4X1_HVT)                             0.000     0.059     0.000               0.000 *    0.312 r    (169.24,111.32)
  U5303/Y (AND4X1_HVT)                                        0.039                         0.109      0.421 r    (170.05,110.94)
  n4960 (net)                    1        0.833                                             0.000      0.421 r    [0.46,0.83]
  U5322/A2 (AND4X1_HVT)                             0.000     0.039     0.000               0.000 *    0.421 r    (171.98,112.84)
  U5322/Y (AND4X1_HVT)                                        0.037                         0.092      0.513 r    (172.64,112.92)
  n4962 (net)                    1        0.626                                             0.000      0.513 r    [0.16,0.63]
  U5323/A2 (AND2X1_HVT)                             0.000     0.037     0.000               0.000 *    0.513 r    (173.78,112.84)
  U5323/Y (AND2X1_HVT)                                        0.023                         0.059      0.572 r    (173.12,112.86)
  n4964 (net)                    1        0.870                                             0.000      0.572 r    [0.39,0.87]
  U5324/A2 (OA21X1_HVT)                             0.000     0.023     0.000               0.000 *    0.572 r    (174.43,115.12)
  U5324/Y (OA21X1_HVT)                                        0.044                         0.083      0.655 r    (175.24,114.28)
  n7690 (net)                    5        3.489                                             0.000      0.655 r    [1.02,3.49]
  U8121/A1 (AND2X1_HVT)                             0.000     0.044     0.000               0.000 *    0.655 r    (178.97,117.86)
  U8121/Y (AND2X1_HVT)                                        0.038                         0.071      0.726 r    (179.48,117.68)
  n8360 (net)                    6        3.666                                             0.000      0.726 r    [0.88,3.67]
  U8122/A1 (NAND2X0_HVT)                            0.000     0.038     0.000               0.000 *    0.726 r    (183.51,119.22)
  U8122/Y (NAND2X0_HVT)                                       0.114                         0.092      0.818 f    (183.41,119.32)
  n8359 (net)                    2        3.244                                             0.000      0.818 f    [0.32,3.24]
  icc_place5598/A (INVX4_HVT)                       0.000     0.114     0.000               0.000 *    0.818 f    (182.29,121.01)
  icc_place5598/Y (INVX4_HVT)                                 0.068                         0.051      0.869 r    (182.55,121.05)
  n11645 (net)                  20       15.967                                             0.000      0.869 r    [6.43,15.97]
  U9664/A1 (AND2X4_HVT)                             0.000     0.068     0.000               0.001 *    0.870 r    (192.65,131.08)
  U9664/Y (AND2X4_HVT)                                        0.063                         0.117      0.987 r    (192.07,131.00)
  n10241 (net)                  22       17.502                                             0.000      0.987 r    [5.22,17.50]
  U9689/A1 (NOR2X0_HVT)                             0.000     0.063     0.000               0.000 *    0.987 r    (180.66,136.29)
  U9689/Y (NOR2X0_HVT)                                        0.027                         0.097      1.084 f    (181.62,136.41)
  n9220 (net)                    2        1.348                                             0.000      1.084 f    [0.27,1.35]
  U9692/A1 (NOR2X0_HVT)                             0.000     0.027     0.000               0.000 *    1.084 f    (182.34,137.73)
  U9692/Y (NOR2X0_HVT)                                        0.025                         0.071      1.155 r    (183.29,137.61)
  n8628 (net)                    3        1.976                                             0.000      1.155 r    [0.72,1.98]
  U9698/A1 (NAND2X0_HVT)                            0.000     0.025     0.000               0.000 *    1.155 r    (184.27,135.94)
  U9698/Y (NAND2X0_HVT)                                       0.058                         0.050      1.205 f    (184.17,136.04)
  n8461 (net)                    2        1.297                                             0.000      1.205 f    [0.30,1.30]
  U9716/A1 (OAI21X1_HVT)                            0.000     0.058     0.000               0.000 *    1.205 f    (184.91,137.77)
  U9716/Y (OAI21X1_HVT)                                       0.027                         0.107      1.312 r    (186.18,137.69)
  n8462 (net)                    1        0.695                                             0.000      1.312 r    [0.21,0.70]
  U9717/A3 (AOI21X1_HVT)                            0.000     0.027     0.000               0.000 *    1.312 r    (187.05,136.86)
  U9717/Y (AOI21X1_HVT)                                       0.025                         0.072      1.384 f    (187.79,136.17)
  n8507 (net)                    2        1.106                                             0.000      1.384 f    [0.27,1.11]
  U9729/A2 (OAI21X1_HVT)                            0.000     0.025     0.000               0.000 *    1.384 f    (188.56,135.18)
  U9729/Y (OAI21X1_HVT)                                       0.030                         0.092      1.476 r    (189.68,134.35)
  n10229 (net)                   2        1.379                                             0.000      1.476 r    [0.42,1.38]
  U12317/A1 (AOI21X1_HVT)                           0.000     0.030     0.000               0.000 *    1.476 r    (191.15,134.58)
  U12317/Y (AOI21X1_HVT)                                      0.022                         0.097      1.573 f    (190.20,134.50)
  n10230 (net)                   1        0.729                                             0.000      1.573 f    [0.35,0.73]
  U12318/A3 (OAI21X1_HVT)                           0.000     0.022     0.000               0.000 *    1.573 f    (192.75,134.57)
  U12318/Y (OAI21X1_HVT)                                      0.032                         0.084      1.657 r    (191.96,134.35)
  n10239 (net)                   1        1.677                                             0.000      1.657 r    [0.35,1.68]
  U12322/CI (FADDX1_HVT)                            0.000     0.032     0.000               0.000 *    1.657 r    (194.47,134.28)
  U12322/CO (FADDX1_HVT)                                      0.044                         0.086      1.743 r    (196.15,134.38)
  n10243 (net)                   1        1.053                                             0.000      1.743 r    [0.22,1.05]
  U12324/A1 (XOR2X1_HVT)                            0.000     0.044     0.000               0.000 *    1.743 r    (196.12,136.35)
  U12324/Y (XOR2X1_HVT)                                       0.039                         0.071      1.814 r    (197.40,136.31)
  n10244 (net)                   1        0.839                                             0.000      1.814 r    [0.33,0.84]
  U12325/A6 (AO222X1_HVT)                           0.000     0.039     0.000               0.000 *    1.814 r    (198.11,134.10)
  U12325/Y (AO222X1_HVT)                                      0.053                         0.093      1.907 r    (197.64,134.50)
  n3524 (net)                    1        0.746                                             0.000      1.907 r    [0.24,0.75]
  reg_next_pc_reg_31_/D (DFFX1_HVT)                 0.000     0.053     0.000               0.000 *    1.907 r    (197.98,136.35)        so 
  data arrival time                                                                                    1.907

  clock clk (rise edge)                                                                     2.000      2.000
  clk (in)                                                    0.000                         0.000 @    2.000 r    (68.10, 0.00)
  clk (net)                      3       85.266                                             0.000      2.000 r    [24.93,85.27]          d 
  CTSINVX32_RVT_G1B2I2/A (INVX32_LVT)               0.000     0.032     0.000               0.020 @    2.020 r    (217.40,124.36)        d 
  CTSINVX32_RVT_G1B2I2/Y (INVX32_LVT)                         0.032                         0.017 @    2.037 f    (218.77,124.41)        d 
  clk_G1B1I2 (net)               4       98.079                                             0.000      2.037 f    [17.53,98.08]          d 
  CTSINVX32_RVT_G1B1I14/A (INVX32_LVT)              0.000     0.033     0.000               0.003 @    2.039 f    (214.66,151.11)        d 
  CTSINVX32_RVT_G1B1I14/Y (INVX32_LVT)                        0.033                         0.022 @    2.061 r    (216.03,151.17)        d 
  clk_G1B2I14 (net)            119      134.445                                             0.000      2.061 r    [60.51,134.44]         d 
  reg_next_pc_reg_31_/CLK (DFFX1_HVT)               0.000     0.033     0.000               0.002 @    2.064 r    (198.29,135.51)        so 
  clock reconvergence pessimism                                                             0.000      2.064
  reg_next_pc_reg_31_/CLK (DFFX1_HVT)                                                       0.000      2.064 r
  library setup time                                                                       -0.064      2.000
  data required time                                                                                   2.000
  -------------------------------------------------------------------------------------------------------------------------------------------------
  data required time                                                                                   2.000
  data arrival time                                                                                   -1.907
  -------------------------------------------------------------------------------------------------------------------------------------------------
  slack (MET)                                                                                          0.093


1
