 
****************************************
Report : timing
        -path full_clock
        -delay max
        -physical
        -derate
        -input_pins
        -nets
        -max_paths 1
        -transition_time
        -crosstalk_delta
        -capacitance
Design : picorv32
Version: H-2013.03-ICC-SP2
Date   : Sun Dec 13 20:35:10 2020
****************************************

 * Some/all delay information is back-annotated.

Operating Conditions: tt1p05v125c   Library: saed32rvt_tt1p05v125c

Information: Percent of Arnoldi-based delays =  5.51%

  Startpoint: irq_mask_reg_23_
              (rising edge-triggered flip-flop clocked by clk)
  Endpoint: reg_next_pc_reg_28_
            (rising edge-triggered flip-flop clocked by clk)
  Path Group: clk
  Path Type: max

Attributes:
    d - dont_touch
    u - dont_use
   mo - map_only
   so - size_only
    i - ideal_net or ideal_network

  Point                        Fanout       Cap     DTran     Trans     Delta    Derate      Incr       Path      Location / Load        Attributes
  -------------------------------------------------------------------------------------------------------------------------------------------------
  clock clk (rise edge)                                                                     0.000      0.000
  clk (in)                                                    0.000                         0.000 @    0.000 r    (68.10, 0.00)
  clk (net)                      3       85.321                                             0.000      0.000 r    [24.99,85.32]          d 
  CTSINVX32_RVT_G1B2I1/A (INVX32_LVT)               0.000     0.032     0.000               0.018 @    0.018 r    (139.57,147.76)        d 
  CTSINVX32_RVT_G1B2I1/Y (INVX32_LVT)                         0.034                         0.019 @    0.037 f    (140.94,147.82)        d 
  clk_G1B1I1 (net)               5      118.876                                             0.000      0.037 f    [18.42,118.88]         d 
  CTSINVX32_RVT_G1B1I10_1/A (INVX32_LVT)            0.000     0.034     0.000               0.001 @    0.038 f    (144.93,139.63)        d 
  CTSINVX32_RVT_G1B1I10_1/Y (INVX32_LVT)                      0.035                         0.022 @    0.060 r    (143.56,139.57)        d 
  clk_G1B2I10 (net)            131      141.088                                             0.000      0.060 r    [59.71,141.09]         d 
  irq_mask_reg_23_/CLK (DFFX1_HVT)                  0.000     0.037     0.000               0.008 @    0.068 r    (158.10,85.00)
  irq_mask_reg_23_/CLK (DFFX1_HVT)                  0.000     0.037     0.000               0.000      0.068 r    (158.10,85.00)
  irq_mask_reg_23_/Q (DFFX1_HVT)                              0.036                         0.153      0.221 r    (155.21,84.24)
  irq_mask[23] (net)             4        3.368                                             0.000      0.221 r    [1.46,3.37]
  U5302/A1 (OR2X1_HVT)                              0.000     0.036     0.000               0.000 *    0.221 r    (160.01,87.68)
  U5302/Y (OR2X1_HVT)                                         0.060                         0.092      0.313 r    (160.63,87.50)
  n10411 (net)                   3        7.629                                             0.000      0.313 r    [5.55,7.63]
  U5303/A4 (AND4X1_HVT)                             0.000     0.060     0.000               0.000 *    0.314 r    (154.65,114.36)
  U5303/Y (AND4X1_HVT)                                        0.044                         0.119      0.432 r    (155.61,114.28)
  n4960 (net)                    1        1.611                                             0.000      0.432 r    [1.24,1.61]
  U5322/A2 (AND4X1_HVT)                             0.000     0.044     0.000               0.000 *    0.432 r    (166.51,114.36)
  U5322/Y (AND4X1_HVT)                                        0.039                         0.096      0.528 r    (167.16,114.28)
  n4962 (net)                    1        0.846                                             0.000      0.528 r    [0.38,0.85]
  U5323/A2 (AND2X1_HVT)                             0.000     0.039     0.000               0.000 *    0.528 r    (170.31,114.36)
  U5323/Y (AND2X1_HVT)                                        0.030                         0.067      0.596 r    (170.96,114.34)
  n4964 (net)                    1        2.130                                             0.000      0.596 r    [1.65,2.13]
  U5324/A2 (OA21X1_HVT)                             0.000     0.030     0.000               0.000 *    0.596 r    (184.91,115.43)
  U5324/Y (OA21X1_HVT)                                        0.050                         0.091      0.687 r    (185.72,116.26)
  n7690 (net)                    5        4.573                                             0.000      0.687 r    [2.10,4.57]
  U8121/A1 (AND2X1_HVT)                             0.000     0.050     0.000               0.000 *    0.687 r    (194.47,124.54)
  U8121/Y (AND2X1_HVT)                                        0.042                         0.075      0.762 r    (194.98,124.37)
  n8360 (net)                    6        4.185                                             0.000      0.762 r    [1.40,4.18]
  U8122/A1 (NAND2X0_HVT)                            0.000     0.042     0.000               0.000 *    0.762 r    (197.95,124.70)
  U8122/Y (NAND2X0_HVT)                                       0.116                         0.094      0.856 f    (197.85,124.60)
  n8359 (net)                    2        3.282                                             0.000      0.856 f    [0.36,3.28]
  icc_place5598/A (INVX4_HVT)                       0.000     0.116     0.000               0.000 *    0.856 f    (199.19,126.25)
  icc_place5598/Y (INVX4_HVT)                                 0.070                         0.053      0.909 r    (198.93,126.21)
  n11645 (net)                  20       17.202                                             0.000      0.909 r    [7.66,17.20]
  U9470/A1 (AND2X1_HVT)                             0.000     0.070     0.000               0.001 *    0.910 r    (207.22,144.61)
  U9470/Y (AND2X1_HVT)                                        0.030                         0.067      0.977 r    (206.72,144.43)
  n9863 (net)                    2        1.440                                             0.000      0.977 r    [0.41,1.44]
  U9472/A1 (NAND2X0_HVT)                            0.000     0.030     0.000               0.000 *    0.977 r    (204.79,142.63)
  U9472/Y (NAND2X0_HVT)                                       0.117                         0.091      1.068 f    (204.69,142.73)
  n9865 (net)                    3        3.351                                             0.000      1.068 f    [1.50,3.35]
  U9479/A1 (OAI21X1_HVT)                            0.000     0.117     0.000               0.000 *    1.068 f    (198.90,139.59)
  U9479/Y (OAI21X1_HVT)                                       0.031                         0.131      1.199 r    (200.16,139.67)
  n9772 (net)                    2        1.462                                             0.000      1.199 r    [0.47,1.46]
  U9494/A1 (AOI21X1_HVT)                            0.000     0.031     0.000               0.000 *    1.199 r    (199.36,141.26)
  U9494/Y (AOI21X1_HVT)                                       0.033                         0.106      1.305 f    (198.40,141.19)
  n9510 (net)                    2        2.046                                             0.000      1.305 f    [1.06,2.05]
  U9502/A2 (OAI21X1_HVT)                            0.000     0.033     0.000               0.000 *    1.305 f    (196.31,148.87)
  U9502/Y (OAI21X1_HVT)                                       0.034                         0.099      1.405 r    (197.43,149.70)
  n8517 (net)                    3        2.142                                             0.000      1.405 r    [0.68,2.14]
  U9662/A1 (AOI21X1_HVT)                            0.000     0.034     0.000               0.000 *    1.405 r    (198.29,147.95)
  U9662/Y (AOI21X1_HVT)                                       0.078                         0.136      1.541 f    (197.34,147.88)
  n10231 (net)                   5        6.447                                             0.000      1.541 f    [4.08,6.45]
  U9810/A2 (OAI21X1_HVT)                            0.000     0.078     0.000               0.000 *    1.541 f    (187.80,138.52)
  U9810/Y (OAI21X1_HVT)                                       0.054                         0.130      1.671 r    (188.92,137.69)
  n9119 (net)                    5        5.840                                             0.000      1.671 r    [3.05,5.84]
  U9811/A1 (AOI21X1_HVT)                            0.000     0.054     0.000               0.000 *    1.671 r    (186.99,132.75)
  U9811/Y (AOI21X1_HVT)                                       0.029                         0.111      1.782 f    (187.94,132.83)
  n8514 (net)                    1        1.562                                             0.000      1.782 f    [0.73,1.56]
  U9813/A1 (XOR2X1_HVT)                             0.000     0.029     0.000               0.000 *    1.782 f    (189.28,127.63)
  U9813/Y (XOR2X1_HVT)                                        0.038                         0.096      1.878 r    (190.56,127.67)
  n8515 (net)                    1        0.720                                             0.000      1.878 r    [0.21,0.72]
  U9814/A6 (AO222X1_HVT)                            0.000     0.038     0.000               0.000 *    1.878 r    (192.03,127.42)
  U9814/Y (AO222X1_HVT)                                       0.053                         0.093      1.971 r    (192.50,127.81)
  n3527 (net)                    1        0.791                                             0.000      1.971 r    [0.29,0.79]
  reg_next_pc_reg_28_/D (DFFX1_HVT)                 0.000     0.053     0.000               0.000 *    1.971 r    (193.57,126.32)
  data arrival time                                                                                    1.971

  clock clk (rise edge)                                                                     2.000      2.000
  clk (in)                                                    0.000                         0.000 @    2.000 r    (68.10, 0.00)
  clk (net)                      3       85.321                                             0.000      2.000 r    [24.99,85.32]          d 
  CTSINVX32_RVT_G1B2I2/A (INVX32_LVT)               0.000     0.032     0.000               0.020 @    2.020 r    (217.40,124.36)        d 
  CTSINVX32_RVT_G1B2I2/Y (INVX32_LVT)                         0.032                         0.017 @    2.037 f    (218.77,124.41)        d 
  clk_G1B1I2 (net)               4       98.282                                             0.000      2.037 f    [17.73,98.28]          d 
  CTSINVX32_RVT_G1B1I14/A (INVX32_LVT)              0.000     0.033     0.000               0.003 @    2.040 f    (214.66,151.11)        d 
  CTSINVX32_RVT_G1B1I14/Y (INVX32_LVT)                        0.031                         0.021 @    2.061 r    (216.03,151.17)        d 
  clk_G1B2I14 (net)            119      127.716                                             0.000      2.061 r    [53.79,127.72]         d 
  reg_next_pc_reg_28_/CLK (DFFX1_HVT)               0.000     0.031     0.000               0.002 @    2.063 r    (193.89,125.48)
  clock reconvergence pessimism                                                             0.000      2.063
  reg_next_pc_reg_28_/CLK (DFFX1_HVT)                                                       0.000      2.063 r
  library setup time                                                                       -0.065      1.998
  data required time                                                                                   1.998
  -------------------------------------------------------------------------------------------------------------------------------------------------
  data required time                                                                                   1.998
  data arrival time                                                                                   -1.971
  -------------------------------------------------------------------------------------------------------------------------------------------------
  slack (MET)                                                                                          0.027


1
