 
****************************************
Report : constraint
        -all_violators
        -max_delay
        -min_delay
        -max_capacitance
        -max_transition
Design : picorv32
Version: H-2013.03-ICC-SP2
Date   : Sun Dec 13 20:36:14 2020
****************************************


   max_capacitance

                             Required        Actual
   Net                      Capacitance    Capacitance       Slack
   -----------------------------------------------------------------
   clk_G1B2I11 (dont_touch)  168.000        169.239         -1.239  (VIOLATED)
   n11676                     82.000         82.206         -0.206  (VIOLATED)
   n6857                       8.000          8.102         -0.102  (VIOLATED)
   cpuregs[779]                8.000          8.037         -0.037  (VIOLATED)
   mem_la_addr[30]            32.000         32.019         -0.019  (VIOLATED)

   -----------------------------------------------------------------
   Total                      5                 -1.602  

1
