 
****************************************
Report : design
        -physical
Design : picorv32
Version: H-2013.03-ICC-SP2
Date   : Sun Dec 13 20:33:12 2020
****************************************

****************************** P&R Summary ********************************
Date : Sun Dec 13 20:33:12 2020
Machine Host Name: mgt
Working Directory: /bks2/PB17061127/DA_VLSI_PD
Library Name:      picorv32_LIB
Cell Name:         picorv32.CEL;1
Design Statistics:
    Number of Module Cells:        9151
    Number of Pins:                53500
    Number of IO Pins:             409
    Number of Nets:                9297
    Average Pins Per Net (Signal): 3.61861

Chip Utilization:
    Total Std Cell Area:           31708.28
    Core Size:     width 212.80, height 212.34; area 45186.80
    Chip Size:     width 272.80, height 272.34; area 74295.44
    Std cells utilization:         70.17% 
    Cell/Core Ratio:               70.17%
    Cell/Chip Ratio:               42.68%
    Number of Cell Rows:            127

Master Instantiation:
	MasterName	Type	InstCount
	=================================
	DFFX1_HVT	STD	1472
	AO22X1_HVT	STD	1418
	MUX21X1_HVT	STD	1254
	INVX1_HVT	STD	706
	NAND2X0_HVT	STD	643
	DFFX2_HVT	STD	358
	NOR4X1_HVT	STD	317
	AND2X1_HVT	STD	298
	NOR2X0_HVT	STD	290
	XOR2X1_HVT	STD	196
	OA22X1_HVT	STD	188
	OR2X1_HVT	STD	148
	NAND4X0_HVT	STD	141
	XNOR2X1_HVT	STD	138
	NBUFFX2_HVT	STD	127
	AO222X1_HVT	STD	113
	NAND3X0_HVT	STD	109
	NBUFFX8_HVT	STD	105
	OAI21X1_HVT	STD	96
	OA21X1_HVT	STD	88
	AOI22X1_HVT	STD	88
	AOI21X1_HVT	STD	80
	AO21X1_HVT	STD	74
	OR3X1_HVT	STD	70
	LATCHX1_HVT	STD	61
	AND2X2_HVT	STD	61
	NBUFFX4_HVT	STD	49
	NAND2X4_HVT	STD	40
	INVX2_HVT	STD	34
	NBUFFX32_HVT	STD	33
	AND3X1_HVT	STD	32
	NAND3X2_HVT	STD	27
	AO22X2_HVT	STD	23
	AND2X4_HVT	STD	23
	HADDX1_HVT	STD	22
	AND4X1_HVT	STD	21
	INVX8_HVT	STD	21
	FADDX1_HVT	STD	20
	AO222X2_HVT	STD	19
	OR2X2_HVT	STD	15
	AO21X2_HVT	STD	14
	NAND2X2_HVT	STD	14
	AND3X2_HVT	STD	11
	INVX4_HVT	STD	10
	OR2X4_HVT	STD	9
	OA221X1_HVT	STD	8
	MUX21X2_HVT	STD	7
	AND4X4_HVT	STD	7
	OR3X2_HVT	STD	7
	LATCHX2_HVT	STD	7
	OAI22X1_HVT	STD	5
	NOR2X4_HVT	STD	5
	OAI21X2_HVT	STD	4
	AO221X1_HVT	STD	4
	NOR3X0_HVT	STD	3
	NOR2X2_HVT	STD	3
	OR4X1_HVT	STD	2
	OA21X2_HVT	STD	2
	AND4X2_HVT	STD	2
	AOI22X2_HVT	STD	2
	NOR3X2_HVT	STD	1
	AOI21X2_HVT	STD	1
	XOR2X2_HVT	STD	1
	NAND3X1_HVT	STD	1
	IBUFFX8_HVT	STD	1
	INVX16_HVT	STD	1
	IBUFFX32_HVT	STD	1
	=================================

Timing/Optimization Information:

Global Routing Information:

Track Assignment Information:

Detailed Routing Information:

DRC information: 
      Total error number: 0

Ring Wiring Statistics:

Stripe Wiring Statistics:

User Wiring Statistics:

PG follow-pin Wiring Statistics:

Signal Wiring Statistics:
      Mask Name      Contact Code    Number Of Contacts    Percentage

  Horizontal/Vertical Wire Distribution:
    Layer      Hor. Wire (% of Hor.)     Ver. Wire (% of Ver.)
  ==============================================================
    Total              0.00                      0.00
1
