 
****************************************
Report : timing
        -path full_clock
        -delay max
        -physical
        -derate
        -input_pins
        -nets
        -max_paths 1
        -transition_time
        -crosstalk_delta
        -capacitance
Design : picorv32
Version: H-2013.03-ICC-SP2
Date   : Sun Dec 13 20:46:14 2020
****************************************

 * Some/all delay information is back-annotated.

Operating Conditions: tt1p05v125c   Library: saed32rvt_tt1p05v125c

Information: Percent of Arnoldi-based delays =  0.00%

  Startpoint: irq_mask_reg_24_
              (rising edge-triggered flip-flop clocked by clk)
  Endpoint: reg_next_pc_reg_28_
            (rising edge-triggered flip-flop clocked by clk)
  Path Group: clk
  Path Type: max

Attributes:
    d - dont_touch
    u - dont_use
   mo - map_only
   so - size_only
    i - ideal_net or ideal_network

  Point                        Fanout       Cap     DTran     Trans     Delta    Derate      Incr       Path      Location / Load        Attributes
  -------------------------------------------------------------------------------------------------------------------------------------------------
  clock clk (rise edge)                                                                     0.000      0.000
  clk (in)                                                    0.000                         0.000      0.000 r    (68.10, 0.00)
  clk (net)                      3       84.665                                             0.000      0.000 r    [24.33,84.66]          d 
  CTSINVX32_RVT_G1B2I1/A (INVX32_LVT)               0.000     0.000     0.000               0.005      0.005 r    (139.57,147.76)        d 
  CTSINVX32_RVT_G1B2I1/Y (INVX32_LVT)                         0.021                         0.017      0.022 f    (140.94,147.82)        d 
  clk_G1B1I1 (net)               5      120.685                                             0.000      0.022 f    [20.23,120.69]         d 
  CTSINVX32_RVT_G1B1I10_1/A (INVX32_LVT)            0.000     0.021     0.000               0.002      0.024 f    (144.93,139.63)        d 
  CTSINVX32_RVT_G1B1I10_1/Y (INVX32_LVT)                      0.027                         0.022      0.045 r    (143.56,139.57)        d 
  clk_G1B2I10 (net)            131      158.211                                             0.000      0.045 r    [76.83,158.21]         d 
  irq_mask_reg_24_/CLK (DFFX1_HVT)                  0.000     0.027     0.000               0.000      0.045 r    (166.22,82.00)
  irq_mask_reg_24_/CLK (DFFX1_HVT)                  0.000     0.027     0.000               0.000      0.045 r    (166.22,82.00)
  irq_mask_reg_24_/Q (DFFX1_HVT)                              0.037                         0.150      0.196 r    (169.12,82.77)
  irq_mask[24] (net)             4        3.719                                             0.000      0.196 r    [1.77,3.72]
  U5309/A1 (OR2X1_HVT)                              0.000     0.037     0.000               0.000      0.196 r    (168.83,87.68)
  U5309/Y (OR2X1_HVT)                                         0.053                         0.087      0.283 r    (169.45,87.50)
  n10413 (net)                   3        6.296                                             0.000      0.283 r    [3.05,6.30]
  U5312/A3 (AND4X1_HVT)                             0.000     0.053     0.000               0.000      0.283 r    (170.89,112.54)
  U5312/Y (AND4X1_HVT)                                        0.039                         0.107      0.390 r    (170.08,112.92)
  n4959 (net)                    1        0.853                                             0.000      0.390 r    [0.47,0.85]
  U5322/A3 (AND4X1_HVT)                             0.000     0.039     0.000               0.000      0.390 r    (171.83,112.54)
  U5322/Y (AND4X1_HVT)                                        0.038                         0.101      0.491 r    (172.64,112.92)
  n4962 (net)                    1        0.793                                             0.000      0.491 r    [0.33,0.79]
  U5323/A2 (AND2X1_HVT)                             0.000     0.038     0.000               0.000      0.491 r    (173.78,112.84)
  U5323/Y (AND2X1_HVT)                                        0.024                         0.061      0.552 r    (173.12,112.86)
  n4964 (net)                    1        1.067                                             0.000      0.552 r    [0.59,1.07]
  U5324/A2 (OA21X1_HVT)                             0.000     0.024     0.000               0.000      0.552 r    (174.43,115.12)
  U5324/Y (OA21X1_HVT)                                        0.047                         0.086      0.638 r    (175.24,114.28)
  n7690 (net)                    5        4.000                                             0.000      0.638 r    [1.53,4.00]
  U8121/A1 (AND2X1_HVT)                             0.000     0.047     0.000               0.000      0.638 r    (178.97,117.86)
  U8121/Y (AND2X1_HVT)                                        0.042                         0.075      0.713 r    (179.48,117.68)
  n8360 (net)                    6        4.284                                             0.000      0.713 r    [1.50,4.28]
  U8122/A1 (NAND2X0_HVT)                            0.000     0.042     0.000               0.000      0.713 r    (183.51,119.22)
  U8122/Y (NAND2X0_HVT)                                       0.119                         0.096      0.809 f    (183.41,119.32)
  n8359 (net)                    2        3.405                                             0.000      0.809 f    [0.48,3.40]
  icc_place5598/A (INVX4_HVT)                       0.000     0.119     0.000               0.000      0.809 f    (182.29,121.01)
  icc_place5598/Y (INVX4_HVT)                                 0.074                         0.058      0.867 r    (182.55,121.05)
  n11645 (net)                  20       19.679                                             0.000      0.867 r    [10.14,19.68]
  U9474/A1 (NAND2X0_HVT)                            0.000     0.074     0.000               0.000      0.867 r    (192.78,135.94)
  U9474/Y (NAND2X0_HVT)                                       0.058                         0.055      0.922 f    (192.68,136.04)
  n8363 (net)                    1        0.768                                             0.000      0.922 f    [0.30,0.77]
  U9476/A1 (NAND3X0_HVT)                            0.000     0.058     0.000               0.000      0.922 f    (194.00,136.25)
  U9476/Y (NAND3X0_HVT)                                       0.079                         0.047      0.969 r    (194.01,136.05)
  n8364 (net)                    2        1.887                                             0.000      0.969 r    [0.84,1.89]
  U9477/A2 (NOR2X0_HVT)                             0.000     0.079     0.000               0.000      0.969 r    (196.41,137.65)
  U9477/Y (NOR2X0_HVT)                                        0.030                         0.097      1.066 f    (197.13,137.61)
  n9835 (net)                    2        1.724                                             0.000      1.066 f    [0.74,1.72]
  U9479/A2 (OAI21X1_HVT)                            0.000     0.030     0.000               0.000      1.066 f    (197.68,138.84)
  U9479/Y (OAI21X1_HVT)                                       0.032                         0.096      1.162 r    (198.80,139.67)
  n9772 (net)                    2        1.723                                             0.000      1.162 r    [0.73,1.72]
  U9494/A1 (AOI21X1_HVT)                            0.000     0.032     0.000               0.000      1.162 r    (200.73,139.44)
  U9494/Y (AOI21X1_HVT)                                       0.036                         0.108      1.270 f    (199.77,139.52)
  n9510 (net)                    2        2.340                                             0.000      1.270 f    [1.36,2.34]
  U9502/A2 (OAI21X1_HVT)                            0.000     0.036     0.000               0.000      1.270 f    (195.20,142.18)
  U9502/Y (OAI21X1_HVT)                                       0.037                         0.103      1.373 r    (194.08,143.01)
  n8517 (net)                    3        2.652                                             0.000      1.373 r    [1.19,2.65]
  U9662/A1 (AOI21X1_HVT)                            0.000     0.037     0.000               0.000      1.373 r    (191.76,142.78)
  U9662/Y (AOI21X1_HVT)                                       0.063                         0.128      1.501 f    (190.80,142.86)
  n10231 (net)                   5        5.032                                             0.000      1.501 f    [2.67,5.03]
  U9810/A2 (OAI21X1_HVT)                            0.000     0.063     0.000               0.000      1.501 f    (188.56,135.49)
  U9810/Y (OAI21X1_HVT)                                       0.053                         0.126      1.627 r    (189.68,136.33)
  n9119 (net)                    5        5.712                                             0.000      1.627 r    [2.92,5.71]
  U9811/A1 (AOI21X1_HVT)                            0.000     0.053     0.000               0.000      1.627 r    (188.66,129.41)
  U9811/Y (AOI21X1_HVT)                                       0.028                         0.110      1.737 f    (189.61,129.48)
  n8514 (net)                    1        1.448                                             0.000      1.737 f    [0.61,1.45]
  U9813/A1 (XOR2X1_HVT)                             0.000     0.028     0.000               0.000      1.737 f    (192.02,127.63)
  U9813/Y (XOR2X1_HVT)                                        0.039                         0.097      1.834 r    (193.30,127.67)
  n8515 (net)                    1        0.890                                             0.000      1.834 r    [0.38,0.89]
  U9814/A6 (AO222X1_HVT)                            0.000     0.039     0.000               0.000      1.834 r    (192.03,126.54)
  U9814/Y (AO222X1_HVT)                                       0.059                         0.102      1.937 r    (191.56,126.14)
  n3527 (net)                    1        1.860                                             0.000      1.937 r    [1.36,1.86]
  reg_next_pc_reg_28_/D (DFFX1_HVT)                 0.000     0.059     0.000               0.000      1.937 r    (196.88,126.32)
  data arrival time                                                                                    1.937

  clock clk (rise edge)                                                                     2.000      2.000
  clk (in)                                                    0.000                         0.000      2.000 r    (68.10, 0.00)
  clk (net)                      3       84.665                                             0.000      2.000 r    [24.33,84.66]          d 
  CTSINVX32_RVT_G1B2I2/A (INVX32_LVT)               0.000     0.000     0.000               0.005      2.005 r    (217.40,124.36)        d 
  CTSINVX32_RVT_G1B2I2/Y (INVX32_LVT)                         0.017                         0.014      2.019 f    (218.77,124.41)        d 
  clk_G1B1I2 (net)               4       97.617                                             0.000      2.019 f    [17.07,97.62]          d 
  CTSINVX32_RVT_G1B1I14/A (INVX32_LVT)              0.000     0.017     0.000               0.002      2.022 f    (214.66,151.11)        d 
  CTSINVX32_RVT_G1B1I14/Y (INVX32_LVT)                        0.023                         0.019      2.041 r    (216.03,151.17)        d 
  clk_G1B2I14 (net)            119      139.070                                             0.000      2.041 r    [65.14,139.07]         d 
  reg_next_pc_reg_28_/CLK (DFFX1_HVT)               0.000     0.023     0.000               0.000      2.041 r    (196.56,125.48)
  clock reconvergence pessimism                                                             0.000      2.041
  reg_next_pc_reg_28_/CLK (DFFX1_HVT)                                                       0.000      2.041 r
  library setup time                                                                       -0.069      1.971
  data required time                                                                                   1.971
  -------------------------------------------------------------------------------------------------------------------------------------------------
  data required time                                                                                   1.971
  data arrival time                                                                                   -1.937
  -------------------------------------------------------------------------------------------------------------------------------------------------
  slack (MET)                                                                                          0.035


1
