 
****************************************
Report : timing
        -path full_clock
        -delay max
        -physical
        -derate
        -input_pins
        -nets
        -max_paths 1
        -transition_time
        -crosstalk_delta
        -capacitance
Design : picorv32
Version: H-2013.03-ICC-SP2
Date   : Sun Dec 13 20:34:24 2020
****************************************

 * Some/all delay information is back-annotated.

 # A fanout number of 1000 was used for high fanout net computations.

Operating Conditions: tt1p05v125c   Library: saed32rvt_tt1p05v125c

  Startpoint: irq_mask_reg_23_
              (rising edge-triggered flip-flop clocked by clk)
  Endpoint: reg_next_pc_reg_25_
            (rising edge-triggered flip-flop clocked by clk)
  Path Group: clk
  Path Type: max

Attributes:
    d - dont_touch
    u - dont_use
   mo - map_only
   so - size_only
    i - ideal_net or ideal_network

  Point                        Fanout       Cap     DTran     Trans     Delta    Derate      Incr       Path      Location / Load        Attributes
  -------------------------------------------------------------------------------------------------------------------------------------------------
  clock clk (rise edge)                                                                     0.000      0.000
  clock network delay (ideal)                                                               0.000      0.000
  irq_mask_reg_23_/CLK (DFFX1_HVT)                  0.000     0.000     0.000               0.000 #    0.000 r    (158.10,85.00)         so i 
  irq_mask_reg_23_/Q (DFFX1_HVT)                              0.036                         0.137      0.137 r    (155.21,84.24)         so 
  irq_mask[23] (net)             4        3.360                                             0.000      0.137 r    [1.45,3.36]
  U5302/A1 (OR2X1_HVT)                              0.000     0.036     0.000               0.000 *    0.137 r    (160.01,87.68)
  U5302/Y (OR2X1_HVT)                                         0.060                         0.092      0.229 r    (160.63,87.50)
  n10411 (net)                   3        7.611                                             0.000      0.229 r    [5.53,7.61]
  U5303/A4 (AND4X1_HVT)                             0.000     0.060     0.000               0.000 *    0.229 r    (154.65,114.36)
  U5303/Y (AND4X1_HVT)                                        0.044                         0.118      0.348 r    (155.61,114.28)
  n4960 (net)                    1        1.611                                             0.000      0.348 r    [1.24,1.61]
  U5322/A2 (AND4X1_HVT)                             0.000     0.044     0.000               0.000 *    0.348 r    (166.51,114.36)
  U5322/Y (AND4X1_HVT)                                        0.039                         0.096      0.444 r    (167.16,114.28)
  n4962 (net)                    1        0.848                                             0.000      0.444 r    [0.39,0.85]
  U5323/A2 (AND2X1_HVT)                             0.000     0.039     0.000               0.000 *    0.444 r    (170.31,114.36)
  U5323/Y (AND2X1_HVT)                                        0.030                         0.067      0.511 r    (170.96,114.34)
  n4964 (net)                    1        2.128                                             0.000      0.511 r    [1.65,2.13]
  U5324/A2 (OA21X1_HVT)                             0.000     0.030     0.000               0.000 *    0.512 r    (184.91,115.43)
  U5324/Y (OA21X1_HVT)                                        0.050                         0.091      0.603 r    (185.72,116.26)
  n7690 (net)                    5        4.568                                             0.000      0.603 r    [2.10,4.57]
  U8121/A1 (AND2X1_HVT)                             0.000     0.050     0.000               0.000 *    0.603 r    (194.47,124.54)
  U8121/Y (AND2X1_HVT)                                        0.042                         0.075      0.678 r    (194.98,124.37)
  n8360 (net)                    6        4.186                                             0.000      0.678 r    [1.40,4.19]
  U8122/A1 (NAND2X0_HVT)                            0.000     0.042     0.000               0.000 *    0.678 r    (197.95,124.70)
  U8122/Y (NAND2X0_HVT)                                       0.116                         0.094      0.772 f    (197.85,124.60)
  n8359 (net)                    2        3.279                                             0.000      0.772 f    [0.36,3.28]
  icc_place5598/A (INVX4_HVT)                       0.000     0.116     0.000               0.000 *    0.772 f    (199.19,126.25)
  icc_place5598/Y (INVX4_HVT)                                 0.070                         0.053      0.825 r    (198.93,126.21)
  n11645 (net)                  20       17.212                                             0.000      0.825 r    [7.67,17.21]
  U9470/A1 (AND2X1_HVT)                             0.000     0.070     0.000               0.001 *    0.826 r    (207.22,144.61)
  U9470/Y (AND2X1_HVT)                                        0.030                         0.067      0.893 r    (206.72,144.43)
  n9863 (net)                    2        1.441                                             0.000      0.893 r    [0.41,1.44]
  U9472/A1 (NAND2X0_HVT)                            0.000     0.030     0.000               0.000 *    0.893 r    (204.79,142.63)
  U9472/Y (NAND2X0_HVT)                                       0.117                         0.091      0.984 f    (204.69,142.73)
  n9865 (net)                    3        3.349                                             0.000      0.984 f    [1.50,3.35]
  U9479/A1 (OAI21X1_HVT)                            0.000     0.117     0.000               0.000 *    0.984 f    (198.90,139.59)
  U9479/Y (OAI21X1_HVT)                                       0.031                         0.131      1.115 r    (200.16,139.67)
  n9772 (net)                    2        1.464                                             0.000      1.115 r    [0.47,1.46]
  U9494/A1 (AOI21X1_HVT)                            0.000     0.031     0.000               0.000 *    1.115 r    (199.36,141.26)
  U9494/Y (AOI21X1_HVT)                                       0.033                         0.106      1.221 f    (198.40,141.19)
  n9510 (net)                    2        2.038                                             0.000      1.221 f    [1.05,2.04]
  U9502/A2 (OAI21X1_HVT)                            0.000     0.033     0.000               0.000 *    1.221 f    (196.31,148.87)
  U9502/Y (OAI21X1_HVT)                                       0.034                         0.099      1.320 r    (197.43,149.70)
  n8517 (net)                    3        2.142                                             0.000      1.320 r    [0.68,2.14]
  U9662/A1 (AOI21X1_HVT)                            0.000     0.034     0.000               0.000 *    1.320 r    (198.29,147.95)
  U9662/Y (AOI21X1_HVT)                                       0.078                         0.136      1.457 f    (197.34,147.88)
  n10231 (net)                   5        6.451                                             0.000      1.457 f    [4.09,6.45]
  U9810/A2 (OAI21X1_HVT)                            0.000     0.078     0.000               0.000 *    1.457 f    (187.80,138.52)
  U9810/Y (OAI21X1_HVT)                                       0.054                         0.130      1.587 r    (188.92,137.69)
  n9119 (net)                    5        5.845                                             0.000      1.587 r    [3.06,5.84]
  U10826/A1 (AOI21X1_HVT)                           0.000     0.054     0.000               0.000 *    1.587 r    (175.43,124.54)
  U10826/Y (AOI21X1_HVT)                                      0.025                         0.108      1.695 f    (176.39,124.47)
  n9124 (net)                    1        1.088                                             0.000      1.695 f    [0.25,1.09]
  U10829/A1 (XOR2X1_HVT)                            0.000     0.025     0.000               0.000 *    1.695 f    (178.21,124.29)
  U10829/Y (XOR2X1_HVT)                                       0.040                         0.097      1.792 r    (176.93,124.33)
  n9125 (net)                    1        0.975                                             0.000      1.792 r    [0.47,0.97]
  U10830/A6 (AO222X1_HVT)                           0.000     0.040     0.000               0.000 *    1.792 r    (180.48,124.07)
  U10830/Y (AO222X1_HVT)                                      0.054                         0.095      1.887 r    (180.95,124.46)
  n3530 (net)                    1        0.997                                             0.000      1.887 r    [0.49,1.00]
  reg_next_pc_reg_25_/D (DFFX1_HVT)                 0.000     0.054     0.000               0.000 *    1.887 r    (179.86,120.95)        so 
  data arrival time                                                                                    1.887

  clock clk (rise edge)                                                                     2.000      2.000
  clock network delay (ideal)                                                               0.000      2.000
  reg_next_pc_reg_25_/CLK (DFFX1_HVT)                                                       0.000      2.000 r
  library setup time                                                                       -0.072      1.928
  data required time                                                                                   1.928
  -------------------------------------------------------------------------------------------------------------------------------------------------
  data required time                                                                                   1.928
  data arrival time                                                                                   -1.887
  -------------------------------------------------------------------------------------------------------------------------------------------------
  slack (MET)                                                                                          0.041


1
