 
****************************************
Report : design
        -physical
Design : picorv32
Version: H-2013.03-ICC-SP2
Date   : Sun Dec 13 20:42:37 2020
****************************************

****************************** P&R Summary ********************************
Date : Sun Dec 13 20:42:37 2020
Machine Host Name: mgt
Working Directory: /bks2/PB17061127/DA_VLSI_PD
Library Name:      picorv32_LIB
Cell Name:         route_opt_icc.CEL;1
Design Statistics:
    Number of Module Cells:        9037
    Number of Pins:                53133
    Number of IO Pins:             409
    Number of Nets:                9506
    Average Pins Per Net (Signal): 3.36869

Chip Utilization:
    Total Std Cell Area:           31711.83
    Core Size:     width 212.80, height 212.34; area 45186.80
    Chip Size:     width 272.80, height 272.34; area 74295.44
    Std cells utilization:         70.18% 
    Cell/Core Ratio:               70.18%
    Cell/Chip Ratio:               42.68%
    Number of Cell Rows:            127

Master Instantiation:
	MasterName	Type	InstCount
	=================================
	DFFX1_HVT	STD	1722
	AO22X1_HVT	STD	1430
	MUX21X1_HVT	STD	1252
	NAND2X0_HVT	STD	688
	INVX0_HVT	STD	349
	NOR4X1_HVT	STD	317
	AND2X1_HVT	STD	310
	NOR2X0_HVT	STD	289
	XOR2X1_HVT	STD	193
	OA22X1_HVT	STD	186
	NAND4X0_HVT	STD	140
	NBUFFX4_HVT	STD	139
	XNOR2X1_HVT	STD	136
	OR2X1_HVT	STD	135
	NAND3X0_HVT	STD	128
	AO222X1_HVT	STD	128
	NBUFFX8_HVT	STD	118
	NBUFFX2_HVT	STD	112
	DFFX2_HVT	STD	108
	OAI21X1_HVT	STD	99
	AND2X4_HVT	STD	96
	OA21X1_HVT	STD	90
	AOI22X1_HVT	STD	89
	AO21X1_HVT	STD	86
	AOI21X1_HVT	STD	81
	OR3X1_HVT	STD	62
	LATCHX1_HVT	STD	62
	INVX4_HVT	STD	46
	AND2X2_HVT	STD	42
	OR2X2_HVT	STD	31
	AND3X1_HVT	STD	29
	NBUFFX32_HVT	STD	26
	AND4X1_HVT	STD	22
	INVX2_HVT	STD	22
	HADDX1_HVT	STD	22
	FADDX1_HVT	STD	18
	INVX8_HVT	STD	17
	NBUFFX16_HVT	STD	16
	NBUFFX8_RVT	STD	15
	OR3X2_HVT	STD	14
	AO22X2_HVT	STD	11
	INVX32_LVT	STD	11
	AND3X4_HVT	STD	11
	NAND3X4_HVT	STD	10
	INVX16_HVT	STD	9
	MUX21X2_HVT	STD	8
	OA221X1_HVT	STD	8
	NBUFFX2_RVT	STD	8
	NOR2X4_HVT	STD	7
	OR2X4_HVT	STD	6
	NAND3X2_HVT	STD	6
	INVX32_RVT	STD	6
	LATCHX2_HVT	STD	6
	AO222X2_HVT	STD	5
	AND4X4_HVT	STD	5
	NAND2X2_HVT	STD	5
	NAND2X4_HVT	STD	5
	AND3X2_HVT	STD	4
	OAI22X1_HVT	STD	4
	XOR2X2_HVT	STD	4
	AO221X1_HVT	STD	4
	NOR3X0_HVT	STD	3
	NOR2X2_HVT	STD	3
	AND4X2_HVT	STD	3
	AO21X2_HVT	STD	2
	OR4X1_HVT	STD	2
	OA22X2_HVT	STD	2
	XNOR2X2_HVT	STD	2
	FADDX2_HVT	STD	2
	NOR3X2_HVT	STD	1
	AOI22X2_HVT	STD	1
	OAI21X2_HVT	STD	1
	NAND4X0_RVT	STD	1
	IBUFFX16_HVT	STD	1
	MUX21X1_RVT	STD	1
	INVX32_HVT	STD	1
	OAI22X2_HVT	STD	1
	OR3X4_HVT	STD	1
	IBUFFX2_HVT	STD	1
	=================================

Timing/Optimization Information:

Global Routing Information:
    layer M1, dir Hor, min width = 0.05, min space = 0.05 pitch = 0.13
    layer M2, dir Ver, min width = 0.06, min space = 0.06 pitch = 0.16
    layer M3, dir Ver, min width = 0.06, min space = 0.06 pitch = 0.16
    layer M4, dir Ver, min width = 0.06, min space = 0.06 pitch = 0.16
    layer M5, dir Hor, min width = 0.06, min space = 0.06 pitch = 0.16
    layer M6, dir Ver, min width = 0.06, min space = 0.06 pitch = 0.16
    layer M7, dir Ver, min width = 0.06, min space = 0.06 pitch = 0.16
    layer M8, dir Ver, min width = 0.06, min space = 0.06 pitch = 0.16
    layer M9, dir Hor, min width = 0.16, min space = 0.16 pitch = 1.74
    layer MRDL, dir Ver, min width = 2.00, min space = 2.00 pitch = 4.50
     
    Average gCell capacity  6.37	 on layer (1)	 M1
    Average gCell capacity  10.19	 on layer (2)	 M2
    Average gCell capacity  10.20	 on layer (3)	 M3
    Average gCell capacity  10.20	 on layer (4)	 M4
    Average gCell capacity  10.17	 on layer (5)	 M5
    Average gCell capacity  10.20	 on layer (6)	 M6
    Average gCell capacity  10.20	 on layer (7)	 M7
    Average gCell capacity  10.20	 on layer (8)	 M8
    Average gCell capacity  0.95	 on layer (9)	 M9
    Average gCell capacity  0.00	 on layer (10)	 MRDL
     
    Initial. Both Dirs: Overflow =  2617 Max = 13 GRCs =  1569 (2.92%)
    Initial. H routing: Overflow =    19 Max = 1 (GRCs = 17) GRCs =    21 (0.08%)
    Initial. V routing: Overflow =  2598 Max = 13 (GRCs =  3) GRCs =  1548 (5.76%)
     
    phase1. Both Dirs: Overflow =  2605 Max = 20 GRCs =  1562 (2.90%)
    phase1. H routing: Overflow =    19 Max = 2 (GRCs =  1) GRCs =    20 (0.07%)
    phase1. V routing: Overflow =  2586 Max = 20 (GRCs =  1) GRCs =  1542 (5.73%)
     
    phase2. Both Dirs: Overflow =  2600 Max = 20 GRCs =  1559 (2.90%)
    phase2. H routing: Overflow =    17 Max = 1 (GRCs = 15) GRCs =    19 (0.07%)
    phase2. V routing: Overflow =  2583 Max = 20 (GRCs =  1) GRCs =  1540 (5.73%)
     
    Total Wire Length = 559.08
    Layer M1 wire length = 39.51
    Layer M2 wire length = 178.67
    Layer M3 wire length = 174.31
    Layer M4 wire length = 44.61
    Layer M5 wire length = 121.97
    Layer M6 wire length = 0.00
    Layer M7 wire length = 0.00
    Layer M8 wire length = 0.00
    Layer M9 wire length = 0.00
    Layer MRDL wire length = 0.00
    Total Number of Contacts = 482
    Via VIA12SQ_C count = 190
    Via VIA23SQ count = 114
    Via VIA34SQ count = 92
    Via VIA45SQ_C count = 86
    Via VIA56SQ_C count = 0
    Via VIA67SQ count = 0
    Via VIA78SQ count = 0
    Via VIA89_C count = 0
    Via VIA9RDL count = 0
     
    Elapsed real time: 0:00:00
    Elapsed cpu time: sys = 0:00:00 usr = 0:00:00 total = 0:00:00
    Total Proc Memory(MB):  801

Track Assignment Information:
    Number of wires with overlap after iteration 0 = 945 of 1742

    Number of wires with overlap after iteration 1 = 610 of 1403

    Total M1 wire length: 70.3
    Total M2 wire length: 164.6
    Total M3 wire length: 286.8
    Total M4 wire length: 108.7
    Total M5 wire length: 136.9
    Total M6 wire length: 3.6
    Total M7 wire length: 0.0
    Total M8 wire length: 0.0
    Total M9 wire length: 0.0
    Total MRDL wire length: 0.0
    Total wire length: 770.9

    Elapsed real time: 0:00:02
    Elapsed cpu time: sys = 0:00:00 usr = 0:00:02 total = 0:00:02
    Total Proc Memory(MB):  827

Detailed Routing Information:
    

    ---------- Detail route ----------

     
    Iteration 0: DRC-SUMMARY:
    	@@@@@@@ TOTAL VIOLATIONS =	199
     
    Iteration 1: DRC-SUMMARY:
    	@@@@@@@ TOTAL VIOLATIONS =	0
    DR finished with 0 violations
     
    DRC-SUMMARY:
    	@@@@@@@ TOTAL VIOLATIONS =	0
    

    ---------- Chip finish: insert redundant vias ----------

    RedundantVia finished with 6 violations
     
    DRC-SUMMARY:
    	@@@@@@@ TOTAL VIOLATIONS =	6
    	Same net spacing : 1
    	Less than minimum area : 5
     
    Begin DRC fixing ...

     
    Iteration 1: DRC-SUMMARY:
    	@@@@@@@ TOTAL VIOLATIONS =	0
     
    Elapsed real time: 0:03:02
    Elapsed cpu time: sys = 0:00:00 usr = 0:03:01 total = 0:03:02
    Total Proc Memory(MB):  821
     
    Cumulative run time upto current stage: Elapsed = 0:03:02 CPU = 0:03:02
     
    DR finished with 0 open nets, of which 0 are frozen
    DR finished with 0 violations
     
    DRC-SUMMARY:
    	@@@@@@@ TOTAL VIOLATIONS =	0
    Total number of nets = 9475
    0 open nets, of which 0 are frozen
    Total number of excluded ports = 0 ports of 0 unplaced cells connected to 0 nets
                                     0 ports without pins of 0 cells connected to 0 nets
                                     0 ports of 0 cover cells connected to 0 non-pg nets
    Total number of DRCs = 0
    Total number of antenna violations = antenna checking not active
    Total number of voltage-area violations = no voltage-areas defined
    

     
    Elapsed real time: 0:00:00
    Elapsed cpu time: sys = 0:00:00 usr = 0:00:00 total = 0:00:00
    Total Proc Memory(MB):  821
     
    Cumulative run time upto current stage: Elapsed = 0:03:02 CPU = 0:03:02
    

    ---------- Eco detail route ----------

     
    Iteration 0: DRC-SUMMARY:
    	@@@@@@@ TOTAL VIOLATIONS =	12
     
    Iteration 1: DRC-SUMMARY:
    	@@@@@@@ TOTAL VIOLATIONS =	0
    DR finished with 0 violations
     
    DRC-SUMMARY:
    	@@@@@@@ TOTAL VIOLATIONS =	0
     
    Begin timing optimization in DR ...

     
    Finished timing optimization in DR ...

    DR finished with 0 violations
     
    DRC-SUMMARY:
    	@@@@@@@ TOTAL VIOLATIONS =	0
    

    ---------- Chip finish: insert redundant vias ----------

    RedundantVia finished with 2 violations
     
    DRC-SUMMARY:
    	@@@@@@@ TOTAL VIOLATIONS =	2
    	Less than minimum area : 2
     
    Begin DRC fixing ...

     
    Iteration 1: DRC-SUMMARY:
    	@@@@@@@ TOTAL VIOLATIONS =	0
     
    Elapsed real time: 0:00:11
    Elapsed cpu time: sys = 0:00:00 usr = 0:00:11 total = 0:00:11
    Total Proc Memory(MB):  832
     
    Cumulative run time upto current stage: Elapsed = 0:03:13 CPU = 0:03:13
     
    ECO Route finished with 0 open nets, of which 0 are frozen
    ECO Route finished with 0 violations
     
    DRC-SUMMARY:
    	@@@@@@@ TOTAL VIOLATIONS =	0
    Total number of nets = 9506
    0 open nets, of which 0 are frozen
    Total number of excluded ports = 0 ports of 0 unplaced cells connected to 0 nets
                                     0 ports without pins of 0 cells connected to 0 nets
                                     0 ports of 0 cover cells connected to 0 non-pg nets
    Total number of DRCs = 0
    Total number of antenna violations = antenna checking not active
    Total number of voltage-area violations = no voltage-areas defined
    

     
    Elapsed real time: 0:00:00
    Elapsed cpu time: sys = 0:00:00 usr = 0:00:00 total = 0:00:00
    Total Proc Memory(MB):  832
     
    Cumulative run time upto current stage: Elapsed = 0:03:13 CPU = 0:03:13
     
    Total Wire Length =                    267147 micron
    Total Number of Contacts =             116017
    Total Number of Wires =                91036
    Total Number of PtConns =              22150
    Total Number of Routable Wires =       91036
    Total Routable Wire Length =           264581 micron
    	Layer                 M1 :      12933 micron
    	Layer                 M2 :      52045 micron
    	Layer                 M3 :      24418 micron
    	Layer                 M4 :      36032 micron
    	Layer                 M5 :      94726 micron
    	Layer                 M6 :      35372 micron
    	Layer                 M7 :       7452 micron
    	Layer                 M8 :       4003 micron
    	Layer                 M9 :        166 micron
    	Layer               MRDL :          0 micron
    	Via     VIA89_C(rot)_1x2 :         10
    	Via       VIA89(rot)_1x2 :          3
    	Via       VIA78BAR1(rot) :          1
    	Via     VIA78SQ(rot)_1x2 :        146
    	Via     VIA78SQ(rot)_2x1 :          3
    	Via       VIA67BAR1(rot) :          1
    	Via     VIA67SQ(rot)_1x2 :        381
    	Via     VIA67SQ(rot)_2x1 :          6
    	Via            VIA56SQ_C :         50
    	Via          VIA56SQ_2x1 :       5528
    	Via     VIA56SQ(rot)_1x2 :         11
    	Via     VIA56SQ(rot)_2x1 :          3
    	Via        VIA56SQ_C_1x2 :        150
    	Via        VIA56SQ_C_2x1 :        105
    	Via       VIA45SQ_C(rot) :        158
    	Via         VIA45SQ(rot) :          1
    	Via     VIA45SQ(rot)_2x1 :       4402
    	Via          VIA45SQ_1x2 :          7
    	Via          VIA45SQ_2x1 :         47
    	Via     VIA45SQ(rot)_1x2 :      17502
    	Via   VIA45SQ_C(rot)_2x1 :        102
    	Via        VIA45SQ_C_2x1 :         20
    	Via   VIA45SQ_C(rot)_1x2 :        102
    	Via         VIA34SQ(rot) :         15
    	Via       VIA34BAR1(rot) :          1
    	Via     VIA34SQ(rot)_1x2 :      22659
    	Via          VIA34SQ_2x1 :          5
    	Via          VIA34SQ_1x2 :         19
    	Via     VIA34SQ(rot)_2x1 :        141
    	Via   VIA34SQ_C(rot)_1x2 :          9
    	Via        VIA34SQ_C_2x1 :          6
    	Via        VIA34SQ_C_1x2 :          5
    	Via   VIA34SQ_C(rot)_2x1 :          3
    	Via              VIA23SQ :          2
    	Via         VIA23SQ(rot) :         36
    	Via       VIA23BAR1(rot) :          1
    	Via     VIA23SQ(rot)_1x2 :      27008
    	Via          VIA23SQ_2x1 :          5
    	Via          VIA23SQ_1x2 :         92
    	Via     VIA23SQ(rot)_2x1 :        256
    	Via   VIA23SQ_C(rot)_1x2 :         36
    	Via        VIA23SQ_C_2x1 :         18
    	Via        VIA23SQ_C_1x2 :         78
    	Via   VIA23SQ_C(rot)_2x1 :         19
    	Via            VIA12SQ_C :       2303
    	Via       VIA12SQ_C(rot) :        485
    	Via          VIA12BAR1_C :          1
    	Via              VIA12SQ :          9
    	Via         VIA12SQ(rot) :         65
    	Via            VIA12BAR1 :          1
    	Via       VIA12BAR1(rot) :          2
    	Via        VIA12SQ_C_2x1 :       4237
    	Via   VIA12SQ_C(rot)_1x2 :         80
    	Via   VIA12SQ_C(rot)_2x1 :        135
    	Via        VIA12SQ_C_1x2 :      10936
    	Via     VIA12SQ(rot)_2x1 :       6751
    	Via          VIA12SQ_1x2 :        175
    	Via          VIA12SQ_2x1 :       9552
    	Via     VIA12SQ(rot)_1x2 :       2132
     
    Redundant via conversion report:
    --------------------------------

      Total optimized via conversion rate = 97.30% (112885 / 116017 vias)
     
        Layer VIA1       = 92.23% (33998  / 36864   vias)
            Weight 1     = 92.23% (33998   vias)
            Un-optimized =  7.77% (2866    vias)
        Layer VIA2       = 99.86% (27512  / 27551   vias)
            Weight 1     = 99.86% (27512   vias)
            Un-optimized =  0.14% (39      vias)
        Layer VIA3       = 99.93% (22847  / 22863   vias)
            Weight 1     = 99.93% (22847   vias)
            Un-optimized =  0.07% (16      vias)
        Layer VIA4       = 99.29% (22182  / 22341   vias)
            Weight 1     = 99.29% (22182   vias)
            Un-optimized =  0.71% (159     vias)
        Layer VIA5       = 99.14% (5797   / 5847    vias)
            Weight 1     = 99.14% (5797    vias)
            Un-optimized =  0.86% (50      vias)
        Layer VIA6       = 99.74% (387    / 388     vias)
            Weight 1     = 99.74% (387     vias)
            Un-optimized =  0.26% (1       vias)
        Layer VIA7       = 99.33% (149    / 150     vias)
            Weight 1     = 99.33% (149     vias)
            Un-optimized =  0.67% (1       vias)
        Layer VIA8       = 100.00% (13     / 13      vias)
            Weight 1     = 100.00% (13      vias)
            Un-optimized =  0.00% (0       vias)
     
      Total double via conversion rate    = 97.30% (112885 / 116017 vias)
     
        Layer VIA1       = 92.23% (33998  / 36864   vias)
        Layer VIA2       = 99.86% (27512  / 27551   vias)
        Layer VIA3       = 99.93% (22847  / 22863   vias)
        Layer VIA4       = 99.29% (22182  / 22341   vias)
        Layer VIA5       = 99.14% (5797   / 5847    vias)
        Layer VIA6       = 99.74% (387    / 388     vias)
        Layer VIA7       = 99.33% (149    / 150     vias)
        Layer VIA8       = 100.00% (13     / 13      vias)
     

DRC information: 
      Total error number: 0

Ring Wiring Statistics:

Stripe Wiring Statistics:

User Wiring Statistics:

PG follow-pin Wiring Statistics:

Signal Wiring Statistics:
    metal1 Wire Length(count):              13035.50(12908)
    metal2 Wire Length(count):              52169.34(33373)
    metal3 Wire Length(count):              24599.00(30125)
    metal4 Wire Length(count):              36075.53(19381)
    metal5 Wire Length(count):              94725.93(17626)
    metal6 Wire Length(count):              35373.86(3244)
    metal7 Wire Length(count):               7456.95(356)
    metal8 Wire Length(count):               4004.58(117)
    metal9 Wire Length(count):                166.17(8)
  ==============================================
    Total Wire Length(count):              267606.85(117138)

      Mask Name      Contact Code    Number Of Contacts    Percentage
        via1       VIA12SQ_C(1)              2788	       7.56
        via1     VIA12BAR1_C(2)                 1	    0.00271
        via1         VIA12SQ(5)                74	      0.201
        via1       VIA12BAR1(6)                 3	    0.00814
        via1_1x2     VIA12SQ(5)              6926	       18.8
        via1_2x1   VIA12SQ_C(1)              4317	       11.7
        via1_1x2   VIA12SQ_C(1)             11071	         30
        via1_2x1     VIA12SQ(5)             11684	       31.7
 Default via for layer via1:                   7.77%
 Yield-optmized via for layer via1:            92.2%

        via2         VIA23SQ(13)                38	      0.138
        via2       VIA23BAR1(14)                 1	    0.00363
        via2_1x2   VIA23SQ_C(9)                97	      0.352
        via2_2x1   VIA23SQ_C(9)                54	      0.196
        via2_1x2     VIA23SQ(13)               348	       1.26
        via2_2x1     VIA23SQ(13)             27013	         98
 Default via for layer via2:                   0.142%
 Yield-optmized via for layer via2:            99.9%

        via3         VIA34SQ(21)                15	     0.0656
        via3       VIA34BAR1(22)                 1	    0.00437
        via3_1x2   VIA34SQ_C(17)                 8	      0.035
        via3_2x1   VIA34SQ_C(17)                15	     0.0656
        via3_1x2     VIA34SQ(21)               160	        0.7
        via3_2x1     VIA34SQ(21)             22664	       99.1
 Default via for layer via3:                   0.07%
 Yield-optmized via for layer via3:            99.9%

        via4       VIA45SQ_C(25)               158	      0.707
        via4         VIA45SQ(29)                 1	    0.00448
        via4_1x2   VIA45SQ_C(25)               102	      0.457
        via4_2x1   VIA45SQ_C(25)               122	      0.546
        via4_1x2     VIA45SQ(29)              4409	       19.7
        via4_2x1     VIA45SQ(29)             17549	       78.6
 Default via for layer via4:                   0.712%
 Yield-optmized via for layer via4:            99.3%

        via5       VIA56SQ_C(33)                50	      0.855
        via5_1x2     VIA56SQ(37)                 3	     0.0513
        via5_2x1   VIA56SQ_C(33)               105	        1.8
        via5_1x2   VIA56SQ_C(33)               150	       2.57
        via5_2x1     VIA56SQ(37)              5539	       94.7
 Default via for layer via5:                   0.855%
 Yield-optmized via for layer via5:            99.1%

        via6       VIA67BAR1(46)                 1	      0.258
        via6_1x2     VIA67SQ(45)                 6	       1.55
        via6_2x1     VIA67SQ(45)               381	       98.2
 Default via for layer via6:                   0.258%
 Yield-optmized via for layer via6:            99.7%

        via7       VIA78BAR1(54)                 1	      0.667
        via7_1x2     VIA78SQ(53)                 3	          2
        via7_2x1     VIA78SQ(53)               146	       97.3
 Default via for layer via7:                   0.667%
 Yield-optmized via for layer via7:            99.3%

        via8_2x1       VIA89(58)                 3	       23.1
        via8_2x1     VIA89_C(57)                10	       76.9
 Default via for layer via8:                   0%
 Yield-optmized via for layer via8:            100%


 Double Via rate for all layers:           97.3%
  ==============================================
    Total Number of Contacts:    116017

  Horizontal/Vertical Wire Distribution:
    Layer      Hor. Wire (% of Hor.)     Ver. Wire (% of Ver.)
    metal1         12650.17 (10.79%)           385.32 ( 0.26%)
    metal2          2954.74 ( 2.52%)         49214.60 (32.73%)
    metal3          6598.39 ( 5.63%)         18000.61 (11.97%)
    metal4           376.13 ( 0.32%)         35699.40 (23.74%)
    metal5         94422.38 (80.53%)           303.55 ( 0.20%)
    metal6            27.09 ( 0.02%)         35346.77 (23.51%)
    metal7            47.17 ( 0.04%)          7409.78 ( 4.93%)
    metal8             5.79 ( 0.00%)          3998.79 ( 2.66%)
    metal9           164.30 ( 0.14%)             1.86 ( 0.00%)
  ==============================================================
    Total         117246.17                 150360.68
1
