 
****************************************
Report : timing
        -path full_clock
        -delay max
        -physical
        -derate
        -input_pins
        -nets
        -max_paths 1
        -transition_time
        -crosstalk_delta
        -capacitance
Design : picorv32
Version: H-2013.03-ICC-SP2
Date   : Sun Dec 13 20:41:04 2020
****************************************

 * Some/all delay information is back-annotated.

Operating Conditions: tt1p05v125c   Library: saed32rvt_tt1p05v125c
	Parasitic source    : LPE
	Parasitic mode      : RealRC
	Extraction mode     : MIN_MAX
	Extraction derating : 125/125/125

Information: Percent of Arnoldi-based delays = 27.71%

  Startpoint: irq_mask_reg_20_
              (rising edge-triggered flip-flop clocked by clk)
  Endpoint: reg_next_pc_reg_28_
            (rising edge-triggered flip-flop clocked by clk)
  Path Group: clk
  Path Type: max

Attributes:
    d - dont_touch
    u - dont_use
   mo - map_only
   so - size_only
    i - ideal_net or ideal_network

  Point                        Fanout       Cap     DTran     Trans     Delta    Derate      Incr       Path      Location / Load        Attributes
  -------------------------------------------------------------------------------------------------------------------------------------------------
  clock clk (rise edge)                                                                     0.000      0.000
  clk (in)                                                    0.000                         0.000 @    0.000 r    (68.10, 0.00)
  clk (net)                      3       84.597                                             0.000      0.000 r    [24.26,84.60]          d 
  CTSINVX32_RVT_G1B2I1/A (INVX32_LVT)               0.000     0.031     0.000               0.017 @    0.017 r    (139.57,147.76)        d 
  CTSINVX32_RVT_G1B2I1/Y (INVX32_LVT)                         0.034                         0.019 @    0.037 f    (140.94,147.82)        d 
  clk_G1B1I1 (net)               5      120.534                                             0.000      0.037 f    [20.08,120.53]         d 
  CTSINVX32_RVT_G1B1I10_1/A (INVX32_LVT)            0.000     0.035     0.000               0.001 @    0.038 f    (144.93,139.63)        d 
  CTSINVX32_RVT_G1B1I10_1/Y (INVX32_LVT)                      0.037                         0.023 @    0.061 r    (143.56,139.57)        d 
  clk_G1B2I10 (net)            131      157.738                                             0.000      0.061 r    [76.36,157.74]         d 
  irq_mask_reg_20_/CLK (DFFX1_HVT)                  0.000     0.039     0.000               0.008 @    0.069 r    (149.81,78.66)
  irq_mask_reg_20_/CLK (DFFX1_HVT)                  0.000     0.039     0.000               0.000      0.069 r    (149.81,78.66)
  irq_mask_reg_20_/Q (DFFX1_HVT)                              0.038                         0.157      0.226 r    (152.70,79.42)
  irq_mask[20] (net)             4        3.940                                             0.000      0.226 r    [1.99,3.94]
  U5300/A1 (OR2X1_HVT)                              0.000     0.038     0.000               0.000 &    0.226 r    (153.47,87.68)
  U5300/Y (OR2X1_HVT)                                         0.064                         0.096      0.322 r    (154.10,87.50)
  n10405 (net)                   3        8.299                                             0.000      0.322 r    [5.05,8.30]
  U5303/A3 (AND4X1_HVT)                             0.000     0.064     0.006               0.007 &    0.329 r    (169.24,111.32)
  U5303/Y (AND4X1_HVT)                                        0.039                         0.111      0.440 r    (170.05,110.94)
  n4960 (net)                    1        0.909                                             0.000      0.440 r    [0.53,0.91]
  U5322/A2 (AND4X1_HVT)                             0.000     0.039     0.001               0.001 &    0.442 r    (171.98,112.84)
  U5322/Y (AND4X1_HVT)                                        0.038                         0.094      0.536 r    (172.64,112.92)
  n4962 (net)                    1        0.793                                             0.000      0.536 r    [0.33,0.79]
  U5323/A2 (AND2X1_HVT)                             0.000     0.038     0.001               0.001 &    0.537 r    (173.78,112.84)
  U5323/Y (AND2X1_HVT)                                        0.024                         0.061      0.598 r    (173.12,112.86)
  n4964 (net)                    1        1.067                                             0.000      0.598 r    [0.59,1.07]
  U5324/A2 (OA21X1_HVT)                             0.000     0.024     0.000               0.000 &    0.598 r    (174.43,115.12)
  U5324/Y (OA21X1_HVT)                                        0.047                         0.086      0.684 r    (175.24,114.28)
  n7690 (net)                    5        3.998                                             0.000      0.684 r    [1.53,4.00]
  U8121/A1 (AND2X1_HVT)                             0.000     0.047     0.000               0.000 &    0.684 r    (178.97,117.86)
  U8121/Y (AND2X1_HVT)                                        0.042                         0.075      0.759 r    (179.48,117.68)
  n8360 (net)                    6        4.274                                             0.000      0.759 r    [1.49,4.27]
  U8122/A1 (NAND2X0_HVT)                            0.000     0.042     0.000               0.000 &    0.759 r    (183.51,119.22)
  U8122/Y (NAND2X0_HVT)                                       0.119                         0.096      0.855 f    (183.41,119.32)
  n8359 (net)                    2        3.405                                             0.000      0.855 f    [0.48,3.40]
  icc_place5598/A (INVX4_HVT)                       0.000     0.119     0.000               0.000 &    0.855 f    (182.29,121.01)
  icc_place5598/Y (INVX4_HVT)                                 0.074                         0.058      0.913 r    (182.55,121.05)
  n11645 (net)                  20       19.704                                             0.000      0.913 r    [10.17,19.70]
  U9474/A1 (NAND2X0_HVT)                            0.000     0.074     0.000               0.001 &    0.914 r    (192.78,135.94)
  U9474/Y (NAND2X0_HVT)                                       0.058                         0.055      0.969 f    (192.68,136.04)
  n8363 (net)                    1        0.772                                             0.000      0.969 f    [0.30,0.77]
  U9476/A1 (NAND3X0_HVT)                            0.000     0.058     0.000               0.000 &    0.969 f    (194.00,136.25)
  U9476/Y (NAND3X0_HVT)                                       0.079                         0.047      1.016 r    (194.01,136.05)
  n8364 (net)                    2        1.886                                             0.000      1.016 r    [0.84,1.89]
  U9477/A2 (NOR2X0_HVT)                             0.000     0.079     0.000               0.000 &    1.016 r    (196.41,137.65)
  U9477/Y (NOR2X0_HVT)                                        0.030                         0.097      1.113 f    (197.13,137.61)
  n9835 (net)                    2        1.701                                             0.000      1.113 f    [0.72,1.70]
  U9479/A2 (OAI21X1_HVT)                            0.000     0.030     0.001               0.001 &    1.114 f    (197.68,138.84)
  U9479/Y (OAI21X1_HVT)                                       0.032                         0.096      1.209 r    (198.80,139.67)
  n9772 (net)                    2        1.721                                             0.000      1.209 r    [0.73,1.72]
  U9494/A1 (AOI21X1_HVT)                            0.000     0.032     0.000               0.000 &    1.209 r    (200.73,139.44)
  U9494/Y (AOI21X1_HVT)                                       0.036                         0.109      1.318 f    (199.77,139.52)
  n9510 (net)                    2        2.352                                             0.000      1.318 f    [1.37,2.35]
  U9502/A2 (OAI21X1_HVT)                            0.000     0.036     0.003               0.003 &    1.321 f    (195.20,142.18)
  U9502/Y (OAI21X1_HVT)                                       0.037                         0.103      1.424 r    (194.08,143.01)
  n8517 (net)                    3        2.675                                             0.000      1.424 r    [1.21,2.67]
  U9662/A1 (AOI21X1_HVT)                            0.000     0.037     0.000               0.000 &    1.424 r    (191.76,142.78)
  U9662/Y (AOI21X1_HVT)                                       0.063                         0.128      1.552 f    (190.80,142.86)
  n10231 (net)                   5        5.005                                             0.000      1.552 f    [2.64,5.00]
  U9810/A2 (OAI21X1_HVT)                            0.000     0.063     0.000               0.000 &    1.552 f    (188.56,135.49)
  U9810/Y (OAI21X1_HVT)                                       0.053                         0.126      1.678 r    (189.68,136.33)
  n9119 (net)                    5        5.698                                             0.000      1.678 r    [2.91,5.70]
  U9811/A1 (AOI21X1_HVT)                            0.000     0.053     0.000               0.000 &    1.678 r    (188.66,129.41)
  U9811/Y (AOI21X1_HVT)                                       0.028                         0.110      1.788 f    (189.61,129.48)
  n8514 (net)                    1        1.440                                             0.000      1.788 f    [0.60,1.44]
  U9813/A1 (XOR2X1_HVT)                             0.000     0.028     0.000               0.000 &    1.788 f    (192.02,127.63)
  U9813/Y (XOR2X1_HVT)                                        0.039                         0.097      1.885 r    (193.30,127.67)
  n8515 (net)                    1        0.888                                             0.000      1.885 r    [0.38,0.89]
  U9814/A6 (AO222X1_HVT)                            0.000     0.039     0.000               0.000 &    1.885 r    (192.03,126.54)
  U9814/Y (AO222X1_HVT)                                       0.059                         0.102      1.987 r    (191.56,126.14)
  n3527 (net)                    1        1.814                                             0.000      1.987 r    [1.31,1.81]
  reg_next_pc_reg_28_/D (DFFX1_HVT)                 0.000     0.059     0.002               0.002 &    1.989 r    (196.88,126.32)
  data arrival time                                                                                    1.989

  clock clk (rise edge)                                                                     2.000      2.000
  clk (in)                                                    0.000                         0.000 @    2.000 r    (68.10, 0.00)
  clk (net)                      3       84.597                                             0.000      2.000 r    [24.26,84.60]          d 
  CTSINVX32_RVT_G1B2I2/A (INVX32_LVT)               0.000     0.032     0.000               0.020 @    2.020 r    (217.40,124.36)        d 
  CTSINVX32_RVT_G1B2I2/Y (INVX32_LVT)                         0.032                         0.016 @    2.036 f    (218.77,124.41)        d 
  clk_G1B1I2 (net)               4       97.615                                             0.000      2.036 f    [17.06,97.61]          d 
  CTSINVX32_RVT_G1B1I14/A (INVX32_LVT)              0.000     0.033     0.000               0.003 @    2.039 f    (214.66,151.11)        d 
  CTSINVX32_RVT_G1B1I14/Y (INVX32_LVT)                        0.034                         0.022 @    2.062 r    (216.03,151.17)        d 
  clk_G1B2I14 (net)            119      138.376                                             0.000      2.062 r    [64.44,138.38]         d 
  reg_next_pc_reg_28_/CLK (DFFX1_HVT)               0.000     0.034     0.000               0.002 @    2.064 r    (196.56,125.48)
  clock reconvergence pessimism                                                             0.000      2.064
  reg_next_pc_reg_28_/CLK (DFFX1_HVT)                                                       0.000      2.064 r
  library setup time                                                                       -0.067      1.997
  data required time                                                                                   1.997
  -------------------------------------------------------------------------------------------------------------------------------------------------
  data required time                                                                                   1.997
  data arrival time                                                                                   -1.989
  -------------------------------------------------------------------------------------------------------------------------------------------------
  slack (MET)                                                                                          0.008


1
