# Preference setting overrides
gui_create_pref_key -category {Globals} -key {load_detail_for_funcov} -value_type {bool} -value {false}

# State setting overrides
gui_state_default_create -off -ini
gui_set_state_value -category Globals -key recent_databases -value {{gui_open_db -file /bks2/PB17061127/DA_VLSI_Lab1/vcdplus.vpd -design V1}}
gui_set_state_value -category Layout -key child_console_size_x -value 1535
gui_set_state_value -category Layout -key child_console_size_y -value 173
gui_set_state_value -category Layout -key child_data_size_x -value 168
gui_set_state_value -category Layout -key child_data_size_y -value 522
gui_set_state_value -category Layout -key child_driver_size_x -value 1263
gui_set_state_value -category Layout -key child_driver_size_y -value 179
gui_set_state_value -category Layout -key child_hier_col3 -value {-1}
gui_set_state_value -category Layout -key child_hier_colpd -value 0
gui_set_state_value -category Layout -key child_hier_size_x -value 168
gui_set_state_value -category Layout -key child_hier_size_y -value 522
gui_set_state_value -category Layout -key child_source_docknewline -value false
gui_set_state_value -category Layout -key child_source_pos_x -value {-2}
gui_set_state_value -category Layout -key child_source_pos_y -value {-15}
gui_set_state_value -category Layout -key child_source_size_x -value 1202
gui_set_state_value -category Layout -key child_source_size_y -value 517
gui_set_state_value -category Layout -key child_wave_colname -value 210
gui_set_state_value -category Layout -key child_wave_colvalue -value 210
gui_set_state_value -category Layout -key child_wave_left -value 425
gui_set_state_value -category Layout -key child_wave_right -value 1036
gui_set_state_value -category Layout -key main_pos_x -value 0
gui_set_state_value -category Layout -key main_pos_y -value 23
gui_set_state_value -category Layout -key main_size_x -value 1535
gui_set_state_value -category Layout -key main_size_y -value 823
gui_set_state_value -category Layout -key stand_wave_child_docknewline -value false
gui_set_state_value -category Layout -key stand_wave_child_pos_x -value {-2}
gui_set_state_value -category Layout -key stand_wave_child_pos_y -value {-15}
gui_set_state_value -category Layout -key stand_wave_child_size_x -value 1471
gui_set_state_value -category Layout -key stand_wave_child_size_y -value 630
gui_set_state_value -category Layout -key stand_wave_top_pos_x -value 11
gui_set_state_value -category Layout -key stand_wave_top_pos_y -value 102
gui_set_state_value -category Layout -key stand_wave_top_size_x -value 1477
gui_set_state_value -category Layout -key stand_wave_top_size_y -value 836
gui_create_state_key -category FindDialog -key m_pMatchCase -value_type bool -value false
gui_create_state_key -category FindDialog -key m_pMatchWord -value_type bool -value false
gui_create_state_key -category FindDialog -key m_pUseCombo -value_type string -value {}
gui_create_state_key -category FindDialog -key m_pWrapAround -value_type bool -value true
gui_state_default_create -off

# Begin command logging
gui_sim_run Ucli -exe ./simv -args {-ucligui  } -dir .
gui_list_select -id Hier.1 -current_item_name gcd_gate_test -current_item_type Scope  -selected  { gcd_gate_test   }
gui_open_window Wave
gui_list_add -id Wave.1 -from Hier.1 { gcd_gate_test } -insertionbar
gui_sim_continue  
gui_zoom -window Wave.1 -full
gui_close_window -window TopLevel.1
