v ATLAS
# This file was created by ATLAS version 5.26.1.R on Tue Jan 05 10:21:46 2021.
#SSF 2.0 generic
##############################################################################
#                    Copyright (c) 1984 - 2018                               #
#                    Silvaco Inc. All rights reserved                        #
#                                                                            #
# This file format and the following Key are copyright Silvaco Inc.          #
# You may not use, this format or key without reproducing this message in    #
# full and obtaining express written permission from Silvaco Inc.            #
#                                                                            #
# To obtain such permission please contact: Silvaco Inc.                     #
#                                           support@silvaco.com              #
#                                                                            #
# KEY=SVC86hn7562asdx                       PROD=345                         #
##############################################################################
y 1 15
z 300
f 2 "anode" "cathode" 
p 6 2 601 20 3 602 21 
d 5.000000000e-002 5.000000000e-002 3.207007460e-017 0.000000000e+000 0.000000000e+000 -5.039736638e-019 
d 1.000000000e-001 1.000000000e-001 1.009781624e-016 0.000000000e+000 0.000000000e+000 -6.452521433e-017 
d 1.500000000e-001 1.500000000e-001 2.269402720e-016 0.000000000e+000 0.000000000e+000 -1.590308965e-016 
d 2.000000000e-001 2.000000000e-001 5.390995344e-016 0.000000000e+000 0.000000000e+000 -4.171812650e-016 
d 2.500000000e-001 2.500000000e-001 1.423304217e-015 0.000000000e+000 0.000000000e+000 -1.216065034e-015 
d 3.000000000e-001 3.000000000e-001 3.998557080e-015 0.000000000e+000 0.000000000e+000 -4.131983206e-015 
d 3.500000000e-001 3.500000000e-001 1.295016090e-014 0.000000000e+000 0.000000000e+000 -1.752912340e-014 
d 4.000000000e-001 4.000000000e-001 5.205220660e-014 0.000000000e+000 0.000000000e+000 -9.258482666e-014 
d 4.500000000e-001 4.500000000e-001 2.617341460e-013 0.000000000e+000 0.000000000e+000 -5.657776859e-013 
d 5.000000000e-001 5.000000000e-001 1.543726924e-012 0.000000000e+000 0.000000000e+000 -3.717181867e-012 
d 5.500000000e-001 5.500000000e-001 2.617032405e-011 0.000000000e+000 0.000000000e+000 -2.617044193e-011 
d 6.000000000e-001 6.000000000e-001 1.786600237e-010 0.000000000e+000 0.000000000e+000 -1.786611132e-010 
d 6.500000000e-001 6.500000000e-001 1.228290361e-009 0.000000000e+000 0.000000000e+000 -1.228299768e-009 
d 7.000000000e-001 7.000000000e-001 8.465624847e-009 0.000000000e+000 0.000000000e+000 -8.465700038e-009 
d 7.500000000e-001 7.500000000e-001 5.837481162e-008 0.000000000e+000 0.000000000e+000 -5.837550845e-008 
d 8.000000000e-001 8.000000000e-001 4.016177036e-007 0.000000000e+000 0.000000000e+000 -4.016179525e-007 
d 8.500000000e-001 8.500000000e-001 2.720701662e-006 0.000000000e+000 0.000000000e+000 -2.720711274e-006 
d 9.000000000e-001 9.000000000e-001 1.702413596e-005 0.000000000e+000 0.000000000e+000 -1.702411616e-005 
d 9.500000000e-001 9.500000000e-001 8.552298078e-005 0.000000000e+000 0.000000000e+000 -8.552299525e-005 
d 1.000000000e+000 1.000000000e+000 3.289089050e-004 0.000000000e+000 0.000000000e+000 -3.289091508e-004 
