 
****************************************
  Report : Chip Summary
  Design : picorv32
  Version: H-2013.03-ICC-SP2
  Date   : Sun Dec 13 20:35:10 2020
****************************************
Std cell utilization: 69.71%  (123950/(177800-0))
(Non-fixed + Fixed)
Std cell utilization: 69.60%  (123302/(177800-648))
(Non-fixed only)
Chip area:            177800   sites, bbox (30.00 30.00 242.80 242.34) um
Std cell area:        123950   sites, (non-fixed:123302 fixed:648)
                      9000     cells, (non-fixed:8982   fixed:18)
Macro cell area:      0        sites
                      0        cells
Placement blockages:  0        sites, (excluding fixed std cells)
                      648      sites, (include fixed std cells & chimney area)
                      0        sites, (complete p/g net blockages)
Routing blockages:    0        sites, (partial p/g net blockages)
                      0        sites, (routing blockages and signal pre-route)
Lib cell count:       72 
Avg. std cell width:  2.03 um 
Site array:           unit     (width: 0.152 um, height: 1.672 um, rows: 127)
Physical DB scale:    1000 db_unit = 1 um 

 
****************************************
  Report : pnet options
  Design : picorv32
  Version: H-2013.03-ICC-SP2
  Date   : Sun Dec 13 20:35:10 2020
****************************************


--------------------------------------------------------------------
Layer      Blockage   Min_width   Min_height   Via_additive     Density
--------------------------------------------------------------------
M1         none          ---         ---       via additive      ---
M2         none          ---         ---       via additive      ---
M3         none          ---         ---       via additive      ---
M4         none          ---         ---       via additive      ---
M5         none          ---         ---       via additive      ---
M6         none          ---         ---       via additive      ---
M7         none          ---         ---       via additive      ---
M8         none          ---         ---       via additive      ---
M9         none          ---         ---       via additive      ---
MRDL       none          ---         ---       via additive      ---

**********************************
      Sub-Region Utilization      
**********************************
-------------------------------------------------------------
 region_llx  region_lly  region_urx  region_ury  utilization
-------------------------------------------------------------
     30.00      30.00      38.36      38.36        0.69
     30.00      38.36      38.36      46.72        0.86
     30.00      46.72      38.36      55.08        0.73
     30.00      55.08      38.36      63.44        0.73
     30.00      63.44      38.36      71.80        0.74
     30.00      71.80      38.36      80.16        0.72
     30.00      80.16      38.36      88.52        0.84
     30.00      88.52      38.36      96.88        0.73
     30.00      96.88      38.36     105.24        0.71
     30.00     105.24      38.36     113.60        0.78
     30.00     113.60      38.36     121.96        0.67
     30.00     121.96      38.36     130.32        0.76
     30.00     130.32      38.36     138.68        0.80
     30.00     138.68      38.36     147.04        0.69
     30.00     147.04      38.36     155.40        0.79
     30.00     155.40      38.36     163.76        0.69
     30.00     163.76      38.36     172.12        0.76
     30.00     172.12      38.36     180.48        0.64
     30.00     180.48      38.36     188.84        0.81
     30.00     188.84      38.36     197.20        0.71
     30.00     197.20      38.36     205.56        0.82
     30.00     205.56      38.36     213.92        0.68
     30.00     213.92      38.36     222.28        0.79
     30.00     222.28      38.36     230.64        0.74
     30.00     230.64      38.36     239.00        0.70
     30.00     239.00      38.36     242.34        0.83
     38.36      30.00      46.72      38.36        0.73
     38.36      38.36      46.72      46.72        0.76
     38.36      46.72      46.72      55.08        0.79
     38.36      55.08      46.72      63.44        0.74
     38.36      63.44      46.72      71.80        0.76
     38.36      71.80      46.72      80.16        0.74
     38.36      80.16      46.72      88.52        0.74
     38.36      88.52      46.72      96.88        0.71
     38.36      96.88      46.72     105.24        0.74
     38.36     105.24      46.72     113.60        0.77
     38.36     113.60      46.72     121.96        0.74
     38.36     121.96      46.72     130.32        0.81
     38.36     130.32      46.72     138.68        0.72
     38.36     138.68      46.72     147.04        0.76
     38.36     147.04      46.72     155.40        0.72
     38.36     155.40      46.72     163.76        0.73
     38.36     163.76      46.72     172.12        0.80
     38.36     172.12      46.72     180.48        0.69
     38.36     180.48      46.72     188.84        0.79
     38.36     188.84      46.72     197.20        0.72
     38.36     197.20      46.72     205.56        0.78
     38.36     205.56      46.72     213.92        0.67
     38.36     213.92      46.72     222.28        0.73
     38.36     222.28      46.72     230.64        0.79
     38.36     230.64      46.72     239.00        0.70
     38.36     239.00      46.72     242.34        0.87
     46.72      30.00      55.08      38.36        0.71
     46.72      38.36      55.08      46.72        0.76
     46.72      46.72      55.08      55.08        0.76
     46.72      55.08      55.08      63.44        0.80
     46.72      63.44      55.08      71.80        0.70
     46.72      71.80      55.08      80.16        0.82
     46.72      80.16      55.08      88.52        0.68
     46.72      88.52      55.08      96.88        0.68
     46.72      96.88      55.08     105.24        0.74
     46.72     105.24      55.08     113.60        0.75
     46.72     113.60      55.08     121.96        0.83
     46.72     121.96      55.08     130.32        0.79
     46.72     130.32      55.08     138.68        0.67
     46.72     138.68      55.08     147.04        0.77
     46.72     147.04      55.08     155.40        0.82
     46.72     155.40      55.08     163.76        0.71
     46.72     163.76      55.08     172.12        0.82
     46.72     172.12      55.08     180.48        0.79
     46.72     180.48      55.08     188.84        0.66
     46.72     188.84      55.08     197.20        0.75
     46.72     197.20      55.08     205.56        0.75
     46.72     205.56      55.08     213.92        0.74
     46.72     213.92      55.08     222.28        0.76
     46.72     222.28      55.08     230.64        0.75
     46.72     230.64      55.08     239.00        0.72
     46.72     239.00      55.08     242.34        0.75
     55.08      30.00      63.44      38.36        0.77
     55.08      38.36      63.44      46.72        0.72
     55.08      46.72      63.44      55.08        0.75
     55.08      55.08      63.44      63.44        0.77
     55.08      63.44      63.44      71.80        0.75
     55.08      71.80      63.44      80.16        0.79
     55.08      80.16      63.44      88.52        0.64
     55.08      88.52      63.44      96.88        0.73
     55.08      96.88      63.44     105.24        0.67
     55.08     105.24      63.44     113.60        0.66
     55.08     113.60      63.44     121.96        0.62
     55.08     121.96      63.44     130.32        0.69
     55.08     130.32      63.44     138.68        0.70
     55.08     138.68      63.44     147.04        0.77
     55.08     147.04      63.44     155.40        0.67
     55.08     155.40      63.44     163.76        0.77
     55.08     163.76      63.44     172.12        0.71
     55.08     172.12      63.44     180.48        0.76
     55.08     180.48      63.44     188.84        0.72
     55.08     188.84      63.44     197.20        0.79
     55.08     197.20      63.44     205.56        0.73
     55.08     205.56      63.44     213.92        0.70
     55.08     213.92      63.44     222.28        0.81
     55.08     222.28      63.44     230.64        0.80
     55.08     230.64      63.44     239.00        0.76
     55.08     239.00      63.44     242.34        0.85
     63.44      30.00      71.80      38.36        0.73
     63.44      38.36      71.80      46.72        0.72
     63.44      46.72      71.80      55.08        0.80
     63.44      55.08      71.80      63.44        0.67
     63.44      63.44      71.80      71.80        0.72
     63.44      71.80      71.80      80.16        0.59
     63.44      80.16      71.80      88.52        0.73
     63.44      88.52      71.80      96.88        0.76
     63.44      96.88      71.80     105.24        0.67
     63.44     105.24      71.80     113.60        0.64
     63.44     113.60      71.80     121.96        0.61
     63.44     121.96      71.80     130.32        0.71
     63.44     130.32      71.80     138.68        0.60
     63.44     138.68      71.80     147.04        0.67
     63.44     147.04      71.80     155.40        0.75
     63.44     155.40      71.80     163.76        0.62
     63.44     163.76      71.80     172.12        0.65
     63.44     172.12      71.80     180.48        0.81
     63.44     180.48      71.80     188.84        0.69
     63.44     188.84      71.80     197.20        0.80
     63.44     197.20      71.80     205.56        0.76
     63.44     205.56      71.80     213.92        0.71
     63.44     213.92      71.80     222.28        0.64
     63.44     222.28      71.80     230.64        0.67
     63.44     230.64      71.80     239.00        0.71
     63.44     239.00      71.80     242.34        0.84
     71.80      30.00      80.16      38.36        0.80
     71.80      38.36      80.16      46.72        0.68
     71.80      46.72      80.16      55.08        0.74
     71.80      55.08      80.16      63.44        0.73
     71.80      63.44      80.16      71.80        0.70
     71.80      71.80      80.16      80.16        0.73
     71.80      80.16      80.16      88.52        0.76
     71.80      88.52      80.16      96.88        0.77
     71.80      96.88      80.16     105.24        0.61
     71.80     105.24      80.16     113.60        0.64
     71.80     113.60      80.16     121.96        0.64
     71.80     121.96      80.16     130.32        0.52
     71.80     130.32      80.16     138.68        0.39
     71.80     138.68      80.16     147.04        0.67
     71.80     147.04      80.16     155.40        0.76
     71.80     155.40      80.16     163.76        0.68
     71.80     163.76      80.16     172.12        0.73
     71.80     172.12      80.16     180.48        0.69
     71.80     180.48      80.16     188.84        0.73
     71.80     188.84      80.16     197.20        0.68
     71.80     197.20      80.16     205.56        0.79
     71.80     205.56      80.16     213.92        0.62
     71.80     213.92      80.16     222.28        0.72
     71.80     222.28      80.16     230.64        0.73
     71.80     230.64      80.16     239.00        0.70
     71.80     239.00      80.16     242.34        0.77
     80.16      30.00      88.52      38.36        0.72
     80.16      38.36      88.52      46.72        0.74
     80.16      46.72      88.52      55.08        0.76
     80.16      55.08      88.52      63.44        0.79
     80.16      63.44      88.52      71.80        0.71
     80.16      71.80      88.52      80.16        0.76
     80.16      80.16      88.52      88.52        0.70
     80.16      88.52      88.52      96.88        0.63
     80.16      96.88      88.52     105.24        0.64
     80.16     105.24      88.52     113.60        0.59
     80.16     113.60      88.52     121.96        0.53
     80.16     121.96      88.52     130.32        0.49
     80.16     130.32      88.52     138.68        0.26
     80.16     138.68      88.52     147.04        0.57
     80.16     147.04      88.52     155.40        0.63
     80.16     155.40      88.52     163.76        0.75
     80.16     163.76      88.52     172.12        0.67
     80.16     172.12      88.52     180.48        0.79
     80.16     180.48      88.52     188.84        0.78
     80.16     188.84      88.52     197.20        0.70
     80.16     197.20      88.52     205.56        0.67
     80.16     205.56      88.52     213.92        0.77
     80.16     213.92      88.52     222.28        0.70
     80.16     222.28      88.52     230.64        0.73
     80.16     230.64      88.52     239.00        0.75
     80.16     239.00      88.52     242.34        0.79
     88.52      30.00      96.88      38.36        0.69
     88.52      38.36      96.88      46.72        0.81
     88.52      46.72      96.88      55.08        0.67
     88.52      55.08      96.88      63.44        0.76
     88.52      63.44      96.88      71.80        0.75
     88.52      71.80      96.88      80.16        0.76
     88.52      80.16      96.88      88.52        0.57
     88.52      88.52      96.88      96.88        0.70
     88.52      96.88      96.88     105.24        0.62
     88.52     105.24      96.88     113.60        0.67
     88.52     113.60      96.88     121.96        0.63
     88.52     121.96      96.88     130.32        0.45
     88.52     130.32      96.88     138.68        0.41
     88.52     138.68      96.88     147.04        0.56
     88.52     147.04      96.88     155.40        0.67
     88.52     155.40      96.88     163.76        0.60
     88.52     163.76      96.88     172.12        0.66
     88.52     172.12      96.88     180.48        0.82
     88.52     180.48      96.88     188.84        0.62
     88.52     188.84      96.88     197.20        0.71
     88.52     197.20      96.88     205.56        0.76
     88.52     205.56      96.88     213.92        0.71
     88.52     213.92      96.88     222.28        0.70
     88.52     222.28      96.88     230.64        0.74
     88.52     230.64      96.88     239.00        0.73
     88.52     239.00      96.88     242.34        0.85
     96.88      30.00     105.24      38.36        0.80
     96.88      38.36     105.24      46.72        0.71
     96.88      46.72     105.24      55.08        0.73
     96.88      55.08     105.24      63.44        0.67
     96.88      63.44     105.24      71.80        0.70
     96.88      71.80     105.24      80.16        0.71
     96.88      80.16     105.24      88.52        0.63
     96.88      88.52     105.24      96.88        0.68
     96.88      96.88     105.24     105.24        0.50
     96.88     105.24     105.24     113.60        0.55
     96.88     113.60     105.24     121.96        0.57
     96.88     121.96     105.24     130.32        0.52
     96.88     130.32     105.24     138.68        0.31
     96.88     138.68     105.24     147.04        0.57
     96.88     147.04     105.24     155.40        0.56
     96.88     155.40     105.24     163.76        0.69
     96.88     163.76     105.24     172.12        0.65
     96.88     172.12     105.24     180.48        0.71
     96.88     180.48     105.24     188.84        0.73
     96.88     188.84     105.24     197.20        0.73
     96.88     197.20     105.24     205.56        0.73
     96.88     205.56     105.24     213.92        0.67
     96.88     213.92     105.24     222.28        0.68
     96.88     222.28     105.24     230.64        0.70
     96.88     230.64     105.24     239.00        0.72
     96.88     239.00     105.24     242.34        0.90
    105.24      30.00     113.60      38.36        0.79
    105.24      38.36     113.60      46.72        0.69
    105.24      46.72     113.60      55.08        0.82
    105.24      55.08     113.60      63.44        0.74
    105.24      63.44     113.60      71.80        0.67
    105.24      71.80     113.60      80.16        0.71
    105.24      80.16     113.60      88.52        0.68
    105.24      88.52     113.60      96.88        0.59
    105.24      96.88     113.60     105.24        0.75
    105.24     105.24     113.60     113.60        0.52
    105.24     113.60     113.60     121.96        0.63
    105.24     121.96     113.60     130.32        0.40
    105.24     130.32     113.60     138.68        0.23
    105.24     138.68     113.60     147.04        0.66
    105.24     147.04     113.60     155.40        0.54
    105.24     155.40     113.60     163.76        0.71
    105.24     163.76     113.60     172.12        0.71
    105.24     172.12     113.60     180.48        0.68
    105.24     180.48     113.60     188.84        0.66
    105.24     188.84     113.60     197.20        0.70
    105.24     197.20     113.60     205.56        0.73
    105.24     205.56     113.60     213.92        0.70
    105.24     213.92     113.60     222.28        0.73
    105.24     222.28     113.60     230.64        0.79
    105.24     230.64     113.60     239.00        0.76
    105.24     239.00     113.60     242.34        0.72
    113.60      30.00     121.96      38.36        0.72
    113.60      38.36     121.96      46.72        0.81
    113.60      46.72     121.96      55.08        0.67
    113.60      55.08     121.96      63.44        0.67
    113.60      63.44     121.96      71.80        0.79
    113.60      71.80     121.96      80.16        0.49
    113.60      80.16     121.96      88.52        0.61
    113.60      88.52     121.96      96.88        0.67
    113.60      96.88     121.96     105.24        0.65
    113.60     105.24     121.96     113.60        0.60
    113.60     113.60     121.96     121.96        0.52
    113.60     121.96     121.96     130.32        0.51
    113.60     130.32     121.96     138.68        0.38
    113.60     138.68     121.96     147.04        0.55
    113.60     147.04     121.96     155.40        0.47
    113.60     155.40     121.96     163.76        0.64
    113.60     163.76     121.96     172.12        0.68
    113.60     172.12     121.96     180.48        0.73
    113.60     180.48     121.96     188.84        0.62
    113.60     188.84     121.96     197.20        0.72
    113.60     197.20     121.96     205.56        0.70
    113.60     205.56     121.96     213.92        0.71
    113.60     213.92     121.96     222.28        0.70
    113.60     222.28     121.96     230.64        0.69
    113.60     230.64     121.96     239.00        0.72
    113.60     239.00     121.96     242.34        0.86
    121.96      30.00     130.32      38.36        0.70
    121.96      38.36     130.32      46.72        0.83
    121.96      46.72     130.32      55.08        0.80
    121.96      55.08     130.32      63.44        0.68
    121.96      63.44     130.32      71.80        0.61
    121.96      71.80     130.32      80.16        0.63
    121.96      80.16     130.32      88.52        0.58
    121.96      88.52     130.32      96.88        0.71
    121.96      96.88     130.32     105.24        0.65
    121.96     105.24     130.32     113.60        0.54
    121.96     113.60     130.32     121.96        0.58
    121.96     121.96     130.32     130.32        0.41
    121.96     130.32     130.32     138.68        0.36
    121.96     138.68     130.32     147.04        0.58
    121.96     147.04     130.32     155.40        0.66
    121.96     155.40     130.32     163.76        0.63
    121.96     163.76     130.32     172.12        0.69
    121.96     172.12     130.32     180.48        0.69
    121.96     180.48     130.32     188.84        0.71
    121.96     188.84     130.32     197.20        0.76
    121.96     197.20     130.32     205.56        0.65
    121.96     205.56     130.32     213.92        0.66
    121.96     213.92     130.32     222.28        0.71
    121.96     222.28     130.32     230.64        0.65
    121.96     230.64     130.32     239.00        0.77
    121.96     239.00     130.32     242.34        0.79
    130.32      30.00     138.68      38.36        0.71
    130.32      38.36     138.68      46.72        0.78
    130.32      46.72     138.68      55.08        0.83
    130.32      55.08     138.68      63.44        0.66
    130.32      63.44     138.68      71.80        0.67
    130.32      71.80     138.68      80.16        0.34
    130.32      80.16     138.68      88.52        0.59
    130.32      88.52     138.68      96.88        0.71
    130.32      96.88     138.68     105.24        0.67
    130.32     105.24     138.68     113.60        0.58
    130.32     113.60     138.68     121.96        0.66
    130.32     121.96     138.68     130.32        0.52
    130.32     130.32     138.68     138.68        0.49
    130.32     138.68     138.68     147.04        0.62
    130.32     147.04     138.68     155.40        0.78
    130.32     155.40     138.68     163.76        0.79
    130.32     163.76     138.68     172.12        0.72
    130.32     172.12     138.68     180.48        0.75
    130.32     180.48     138.68     188.84        0.68
    130.32     188.84     138.68     197.20        0.76
    130.32     197.20     138.68     205.56        0.71
    130.32     205.56     138.68     213.92        0.63
    130.32     213.92     138.68     222.28        0.73
    130.32     222.28     138.68     230.64        0.69
    130.32     230.64     138.68     239.00        0.72
    130.32     239.00     138.68     242.34        0.84
    138.68      30.00     147.04      38.36        0.78
    138.68      38.36     147.04      46.72        0.66
    138.68      46.72     147.04      55.08        0.50
    138.68      55.08     147.04      63.44        0.78
    138.68      63.44     147.04      71.80        0.57
    138.68      71.80     147.04      80.16        0.44
    138.68      80.16     147.04      88.52        0.56
    138.68      88.52     147.04      96.88        0.74
    138.68      96.88     147.04     105.24        0.73
    138.68     105.24     147.04     113.60        0.63
    138.68     113.60     147.04     121.96        0.59
    138.68     121.96     147.04     130.32        0.56
    138.68     130.32     147.04     138.68        0.68
    138.68     138.68     147.04     147.04        0.74
    138.68     147.04     147.04     155.40        0.78
    138.68     155.40     147.04     163.76        0.71
    138.68     163.76     147.04     172.12        0.82
    138.68     172.12     147.04     180.48        0.75
    138.68     180.48     147.04     188.84        0.64
    138.68     188.84     147.04     197.20        0.72
    138.68     197.20     147.04     205.56        0.68
    138.68     205.56     147.04     213.92        0.73
    138.68     213.92     147.04     222.28        0.71
    138.68     222.28     147.04     230.64        0.69
    138.68     230.64     147.04     239.00        0.77
    138.68     239.00     147.04     242.34        0.83
    147.04      30.00     155.40      38.36        0.76
    147.04      38.36     155.40      46.72        0.72
    147.04      46.72     155.40      55.08        0.48
    147.04      55.08     155.40      63.44        0.52
    147.04      63.44     155.40      71.80        0.70
    147.04      71.80     155.40      80.16        0.72
    147.04      80.16     155.40      88.52        0.72
    147.04      88.52     155.40      96.88        0.69
    147.04      96.88     155.40     105.24        0.72
    147.04     105.24     155.40     113.60        0.65
    147.04     113.60     155.40     121.96        0.67
    147.04     121.96     155.40     130.32        0.64
    147.04     130.32     155.40     138.68        0.68
    147.04     138.68     155.40     147.04        0.58
    147.04     147.04     155.40     155.40        0.78
    147.04     155.40     155.40     163.76        0.74
    147.04     163.76     155.40     172.12        0.76
    147.04     172.12     155.40     180.48        0.75
    147.04     180.48     155.40     188.84        0.72
    147.04     188.84     155.40     197.20        0.71
    147.04     197.20     155.40     205.56        0.79
    147.04     205.56     155.40     213.92        0.72
    147.04     213.92     155.40     222.28        0.72
    147.04     222.28     155.40     230.64        0.72
    147.04     230.64     155.40     239.00        0.75
    147.04     239.00     155.40     242.34        0.84
    155.40      30.00     163.76      38.36        0.73
    155.40      38.36     163.76      46.72        0.76
    155.40      46.72     163.76      55.08        0.69
    155.40      55.08     163.76      63.44        0.74
    155.40      63.44     163.76      71.80        0.82
    155.40      71.80     163.76      80.16        0.73
    155.40      80.16     163.76      88.52        0.69
    155.40      88.52     163.76      96.88        0.66
    155.40      96.88     163.76     105.24        0.66
    155.40     105.24     163.76     113.60        0.65
    155.40     113.60     163.76     121.96        0.60
    155.40     121.96     163.76     130.32        0.59
    155.40     130.32     163.76     138.68        0.55
    155.40     138.68     163.76     147.04        0.56
    155.40     147.04     163.76     155.40        0.64
    155.40     155.40     163.76     163.76        0.73
    155.40     163.76     163.76     172.12        0.69
    155.40     172.12     163.76     180.48        0.79
    155.40     180.48     163.76     188.84        0.67
    155.40     188.84     163.76     197.20        0.67
    155.40     197.20     163.76     205.56        0.67
    155.40     205.56     163.76     213.92        0.69
    155.40     213.92     163.76     222.28        0.70
    155.40     222.28     163.76     230.64        0.65
    155.40     230.64     163.76     239.00        0.74
    155.40     239.00     163.76     242.34        0.80
    163.76      30.00     172.12      38.36        0.69
    163.76      38.36     172.12      46.72        0.79
    163.76      46.72     172.12      55.08        0.83
    163.76      55.08     172.12      63.44        0.72
    163.76      63.44     172.12      71.80        0.71
    163.76      71.80     172.12      80.16        0.74
    163.76      80.16     172.12      88.52        0.77
    163.76      88.52     172.12      96.88        0.67
    163.76      96.88     172.12     105.24        0.60
    163.76     105.24     172.12     113.60        0.63
    163.76     113.60     172.12     121.96        0.63
    163.76     121.96     172.12     130.32        0.60
    163.76     130.32     172.12     138.68        0.63
    163.76     138.68     172.12     147.04        0.58
    163.76     147.04     172.12     155.40        0.58
    163.76     155.40     172.12     163.76        0.63
    163.76     163.76     172.12     172.12        0.75
    163.76     172.12     172.12     180.48        0.76
    163.76     180.48     172.12     188.84        0.69
    163.76     188.84     172.12     197.20        0.69
    163.76     197.20     172.12     205.56        0.73
    163.76     205.56     172.12     213.92        0.57
    163.76     213.92     172.12     222.28        0.70
    163.76     222.28     172.12     230.64        0.72
    163.76     230.64     172.12     239.00        0.75
    163.76     239.00     172.12     242.34        0.75
    172.12      30.00     180.48      38.36        0.67
    172.12      38.36     180.48      46.72        0.71
    172.12      46.72     180.48      55.08        0.75
    172.12      55.08     180.48      63.44        0.74
    172.12      63.44     180.48      71.80        0.76
    172.12      71.80     180.48      80.16        0.70
    172.12      80.16     180.48      88.52        0.64
    172.12      88.52     180.48      96.88        0.64
    172.12      96.88     180.48     105.24        0.59
    172.12     105.24     180.48     113.60        0.65
    172.12     113.60     180.48     121.96        0.61
    172.12     121.96     180.48     130.32        0.68
    172.12     130.32     180.48     138.68        0.57
    172.12     138.68     180.48     147.04        0.62
    172.12     147.04     180.48     155.40        0.56
    172.12     155.40     180.48     163.76        0.72
    172.12     163.76     180.48     172.12        0.64
    172.12     172.12     180.48     180.48        0.73
    172.12     180.48     180.48     188.84        0.76
    172.12     188.84     180.48     197.20        0.67
    172.12     197.20     180.48     205.56        0.62
    172.12     205.56     180.48     213.92        0.68
    172.12     213.92     180.48     222.28        0.62
    172.12     222.28     180.48     230.64        0.72
    172.12     230.64     180.48     239.00        0.73
    172.12     239.00     180.48     242.34        0.80
    180.48      30.00     188.84      38.36        0.77
    180.48      38.36     188.84      46.72        0.70
    180.48      46.72     188.84      55.08        0.72
    180.48      55.08     188.84      63.44        0.75
    180.48      63.44     188.84      71.80        0.72
    180.48      71.80     188.84      80.16        0.76
    180.48      80.16     188.84      88.52        0.62
    180.48      88.52     188.84      96.88        0.62
    180.48      96.88     188.84     105.24        0.67
    180.48     105.24     188.84     113.60        0.60
    180.48     113.60     188.84     121.96        0.52
    180.48     121.96     188.84     130.32        0.69
    180.48     130.32     188.84     138.68        0.59
    180.48     138.68     188.84     147.04        0.63
    180.48     147.04     188.84     155.40        0.58
    180.48     155.40     188.84     163.76        0.67
    180.48     163.76     188.84     172.12        0.57
    180.48     172.12     188.84     180.48        0.75
    180.48     180.48     188.84     188.84        0.69
    180.48     188.84     188.84     197.20        0.80
    180.48     197.20     188.84     205.56        0.57
    180.48     205.56     188.84     213.92        0.71
    180.48     213.92     188.84     222.28        0.69
    180.48     222.28     188.84     230.64        0.67
    180.48     230.64     188.84     239.00        0.80
    180.48     239.00     188.84     242.34        0.71
    188.84      30.00     197.20      38.36        0.73
    188.84      38.36     197.20      46.72        0.76
    188.84      46.72     197.20      55.08        0.70
    188.84      55.08     197.20      63.44        0.72
    188.84      63.44     197.20      71.80        0.79
    188.84      71.80     197.20      80.16        0.72
    188.84      80.16     197.20      88.52        0.64
    188.84      88.52     197.20      96.88        0.59
    188.84      96.88     197.20     105.24        0.61
    188.84     105.24     197.20     113.60        0.64
    188.84     113.60     197.20     121.96        0.69
    188.84     121.96     197.20     130.32        0.68
    188.84     130.32     197.20     138.68        0.67
    188.84     138.68     197.20     147.04        0.61
    188.84     147.04     197.20     155.40        0.67
    188.84     155.40     197.20     163.76        0.71
    188.84     163.76     197.20     172.12        0.70
    188.84     172.12     197.20     180.48        0.73
    188.84     180.48     197.20     188.84        0.61
    188.84     188.84     197.20     197.20        0.82
    188.84     197.20     197.20     205.56        0.57
    188.84     205.56     197.20     213.92        0.66
    188.84     213.92     197.20     222.28        0.73
    188.84     222.28     197.20     230.64        0.64
    188.84     230.64     197.20     239.00        0.73
    188.84     239.00     197.20     242.34        0.88
    197.20      30.00     205.56      38.36        0.80
    197.20      38.36     205.56      46.72        0.73
    197.20      46.72     205.56      55.08        0.74
    197.20      55.08     205.56      63.44        0.72
    197.20      63.44     205.56      71.80        0.75
    197.20      71.80     205.56      80.16        0.68
    197.20      80.16     205.56      88.52        0.75
    197.20      88.52     205.56      96.88        0.56
    197.20      96.88     205.56     105.24        0.58
    197.20     105.24     205.56     113.60        0.63
    197.20     113.60     205.56     121.96        0.63
    197.20     121.96     205.56     130.32        0.62
    197.20     130.32     205.56     138.68        0.72
    197.20     138.68     205.56     147.04        0.65
    197.20     147.04     205.56     155.40        0.73
    197.20     155.40     205.56     163.76        0.69
    197.20     163.76     205.56     172.12        0.76
    197.20     172.12     205.56     180.48        0.76
    197.20     180.48     205.56     188.84        0.66
    197.20     188.84     205.56     197.20        0.68
    197.20     197.20     205.56     205.56        0.69
    197.20     205.56     205.56     213.92        0.79
    197.20     213.92     205.56     222.28        0.68
    197.20     222.28     205.56     230.64        0.68
    197.20     230.64     205.56     239.00        0.76
    197.20     239.00     205.56     242.34        0.84
    205.56      30.00     213.92      38.36        0.73
    205.56      38.36     213.92      46.72        0.80
    205.56      46.72     213.92      55.08        0.82
    205.56      55.08     213.92      63.44        0.70
    205.56      63.44     213.92      71.80        0.66
    205.56      71.80     213.92      80.16        0.74
    205.56      80.16     213.92      88.52        0.68
    205.56      88.52     213.92      96.88        0.74
    205.56      96.88     213.92     105.24        0.65
    205.56     105.24     213.92     113.60        0.67
    205.56     113.60     213.92     121.96        0.61
    205.56     121.96     213.92     130.32        0.73
    205.56     130.32     213.92     138.68        0.66
    205.56     138.68     213.92     147.04        0.69
    205.56     147.04     213.92     155.40        0.78
    205.56     155.40     213.92     163.76        0.72
    205.56     163.76     213.92     172.12        0.63
    205.56     172.12     213.92     180.48        0.76
    205.56     180.48     213.92     188.84        0.68
    205.56     188.84     213.92     197.20        0.67
    205.56     197.20     213.92     205.56        0.72
    205.56     205.56     213.92     213.92        0.73
    205.56     213.92     213.92     222.28        0.78
    205.56     222.28     213.92     230.64        0.65
    205.56     230.64     213.92     239.00        0.77
    205.56     239.00     213.92     242.34        0.80
    213.92      30.00     222.28      38.36        0.71
    213.92      38.36     222.28      46.72        0.73
    213.92      46.72     222.28      55.08        0.71
    213.92      55.08     222.28      63.44        0.80
    213.92      63.44     222.28      71.80        0.72
    213.92      71.80     222.28      80.16        0.82
    213.92      80.16     222.28      88.52        0.68
    213.92      88.52     222.28      96.88        0.84
    213.92      96.88     222.28     105.24        0.71
    213.92     105.24     222.28     113.60        0.72
    213.92     113.60     222.28     121.96        0.74
    213.92     121.96     222.28     130.32        0.90
    213.92     130.32     222.28     138.68        0.70
    213.92     138.68     222.28     147.04        0.80
    213.92     147.04     222.28     155.40        0.83
    213.92     155.40     222.28     163.76        0.65
    213.92     163.76     222.28     172.12        0.68
    213.92     172.12     222.28     180.48        0.65
    213.92     180.48     222.28     188.84        0.77
    213.92     188.84     222.28     197.20        0.76
    213.92     197.20     222.28     205.56        0.67
    213.92     205.56     222.28     213.92        0.80
    213.92     213.92     222.28     222.28        0.72
    213.92     222.28     222.28     230.64        0.68
    213.92     230.64     222.28     239.00        0.75
    213.92     239.00     222.28     242.34        0.78
    222.28      30.00     230.64      38.36        0.75
    222.28      38.36     230.64      46.72        0.68
    222.28      46.72     230.64      55.08        0.81
    222.28      55.08     230.64      63.44        0.78
    222.28      63.44     230.64      71.80        0.79
    222.28      71.80     230.64      80.16        0.70
    222.28      80.16     230.64      88.52        0.74
    222.28      88.52     230.64      96.88        0.73
    222.28      96.88     230.64     105.24        0.71
    222.28     105.24     230.64     113.60        0.82
    222.28     113.60     230.64     121.96        0.75
    222.28     121.96     230.64     130.32        0.65
    222.28     130.32     230.64     138.68        0.78
    222.28     138.68     230.64     147.04        0.71
    222.28     147.04     230.64     155.40        0.75
    222.28     155.40     230.64     163.76        0.72
    222.28     163.76     230.64     172.12        0.72
    222.28     172.12     230.64     180.48        0.59
    222.28     180.48     230.64     188.84        0.72
    222.28     188.84     230.64     197.20        0.69
    222.28     197.20     230.64     205.56        0.81
    222.28     205.56     230.64     213.92        0.84
    222.28     213.92     230.64     222.28        0.71
    222.28     222.28     230.64     230.64        0.66
    222.28     230.64     230.64     239.00        0.76
    222.28     239.00     230.64     242.34        0.73
    230.64      30.00     239.00      38.36        0.76
    230.64      38.36     239.00      46.72        0.73
    230.64      46.72     239.00      55.08        0.74
    230.64      55.08     239.00      63.44        0.74
    230.64      63.44     239.00      71.80        0.75
    230.64      71.80     239.00      80.16        0.73
    230.64      80.16     239.00      88.52        0.73
    230.64      88.52     239.00      96.88        0.73
    230.64      96.88     239.00     105.24        0.74
    230.64     105.24     239.00     113.60        0.76
    230.64     113.60     239.00     121.96        0.67
    230.64     121.96     239.00     130.32        0.81
    230.64     130.32     239.00     138.68        0.73
    230.64     138.68     239.00     147.04        0.75
    230.64     147.04     239.00     155.40        0.69
    230.64     155.40     239.00     163.76        0.73
    230.64     163.76     239.00     172.12        0.77
    230.64     172.12     239.00     180.48        0.65
    230.64     180.48     239.00     188.84        0.76
    230.64     188.84     239.00     197.20        0.71
    230.64     197.20     239.00     205.56        0.75
    230.64     205.56     239.00     213.92        0.79
    230.64     213.92     239.00     222.28        0.79
    230.64     222.28     239.00     230.64        0.73
    230.64     230.64     239.00     239.00        0.69
    230.64     239.00     239.00     242.34        0.96
    239.00      30.00     242.80      38.36        0.78
    239.00      38.36     242.80      46.72        0.66
    239.00      46.72     242.80      55.08        0.79
    239.00      55.08     242.80      63.44        0.64
    239.00      63.44     242.80      71.80        0.76
    239.00      71.80     242.80      80.16        0.80
    239.00      80.16     242.80      88.52        0.73
    239.00      88.52     242.80      96.88        0.77
    239.00      96.88     242.80     105.24        0.81
    239.00     105.24     242.80     113.60        0.70
    239.00     113.60     242.80     121.96        0.64
    239.00     121.96     242.80     130.32        0.74
    239.00     130.32     242.80     138.68        0.60
    239.00     138.68     242.80     147.04        0.78
    239.00     147.04     242.80     155.40        0.78
    239.00     155.40     242.80     163.76        0.86
    239.00     163.76     242.80     172.12        0.60
    239.00     172.12     242.80     180.48        0.69
    239.00     180.48     242.80     188.84        0.78
    239.00     188.84     242.80     197.20        0.70
    239.00     197.20     242.80     205.56        0.68
    239.00     205.56     242.80     213.92        0.65
    239.00     213.92     242.80     222.28        0.85
    239.00     222.28     242.80     230.64        0.79
    239.00     230.64     242.80     239.00        0.59
    239.00     239.00     242.80     242.34        0.60
-----------------------------------------------------------

Number of regions with placement utilization 0 - 0.125 is 0 (0.00%)
Number of regions with placement utilization 0.125 - 0.25 is 1 (0.15%)
Number of regions with placement utilization 0.25 - 0.375 is 4 (0.59%)
Number of regions with placement utilization 0.375 - 0.5 is 13 (1.92%)
Number of regions with placement utilization 0.5 - 0.625 is 84 (12.43%)
Number of regions with placement utilization 0.625 - 0.75 is 398 (58.88%)
Number of regions with placement utilization 0.75 - 0.875 is 172 (25.44%)
Number of regions with placement utilization 0.875 - 1 is 4 (0.59%)
1
