v ATLAS
# This file was created by ATLAS version 5.26.1.R on Tue Jan 05 09:49:46 2021.
#SSF 2.0 generic
##############################################################################
#                    Copyright (c) 1984 - 2018                               #
#                    Silvaco Inc. All rights reserved                        #
#                                                                            #
# This file format and the following Key are copyright Silvaco Inc.          #
# You may not use, this format or key without reproducing this message in    #
# full and obtaining express written permission from Silvaco Inc.            #
#                                                                            #
# To obtain such permission please contact: Silvaco Inc.                     #
#                                           support@silvaco.com              #
#                                                                            #
# KEY=SVC86hn7562asdx                       PROD=345                         #
##############################################################################
y 1 15
z 300
f 2 "anode" "cathode" 
p 6 2 601 20 3 602 21 
d 5.000000000e-002 5.000000000e-002 5.244672641e-016 0.000000000e+000 0.000000000e+000 -2.506445089e-018 
d 1.000000000e-001 1.000000000e-001 8.117122837e-016 0.000000000e+000 0.000000000e+000 -8.159775577e-016 
d 1.500000000e-001 1.500000000e-001 2.579120211e-015 0.000000000e+000 0.000000000e+000 -2.562190785e-015 
d 2.000000000e-001 2.000000000e-001 7.570965537e-015 0.000000000e+000 0.000000000e+000 -7.988016642e-015 
d 2.500000000e-001 2.500000000e-001 2.290493153e-014 0.000000000e+000 0.000000000e+000 -2.713659201e-014 
d 3.000000000e-001 3.000000000e-001 7.388653835e-014 0.000000000e+000 0.000000000e+000 -1.051651822e-013 
d 3.500000000e-001 3.500000000e-001 2.694711090e-013 0.000000000e+000 0.000000000e+000 -4.874714034e-013 
d 4.000000000e-001 4.000000000e-001 1.171461044e-012 0.000000000e+000 0.000000000e+000 -2.677818643e-012 
d 4.500000000e-001 4.500000000e-001 1.823232557e-011 0.000000000e+000 0.000000000e+000 -1.823237861e-011 
d 5.000000000e-001 5.000000000e-001 1.156836476e-010 0.000000000e+000 0.000000000e+000 -1.156840801e-010 
d 5.500000000e-001 5.500000000e-001 7.681876732e-010 0.000000000e+000 0.000000000e+000 -7.681914146e-010 
d 6.000000000e-001 6.000000000e-001 5.206930843e-009 0.000000000e+000 0.000000000e+000 -5.206968575e-009 
d 6.500000000e-001 6.500000000e-001 3.556616492e-008 0.000000000e+000 0.000000000e+000 -3.556616701e-008 
d 7.000000000e-001 7.000000000e-001 2.422035491e-007 0.000000000e+000 0.000000000e+000 -2.422036319e-007 
d 7.500000000e-001 7.500000000e-001 1.593178098e-006 0.000000000e+000 0.000000000e+000 -1.593179833e-006 
d 8.000000000e-001 8.000000000e-001 9.084779049e-006 0.000000000e+000 0.000000000e+000 -9.084768646e-006 
d 8.500000000e-001 8.500000000e-001 3.905090765e-005 0.000000000e+000 0.000000000e+000 -3.905092088e-005 
d 9.000000000e-001 9.000000000e-001 1.263251851e-004 0.000000000e+000 0.000000000e+000 -1.263250920e-004 
d 9.500000000e-001 9.500000000e-001 3.256754706e-004 0.000000000e+000 0.000000000e+000 -3.256751112e-004 
d 1.000000000e+000 1.000000000e+000 6.954016637e-004 0.000000000e+000 0.000000000e+000 -6.954028171e-004 
