# Preference setting overrides
gui_create_pref_key -category {Globals} -key {load_detail_for_funcov} -value_type {bool} -value {false}

# State setting overrides
gui_state_default_create -off -ini
gui_set_state_value -category Globals -key recent_databases -value {{gui_open_db -file /bks2/PB17061127/DA_VLSI_Lab1/vcdplus.vpd -design V1}}
gui_set_state_value -category Layout -key child_console_size_x -value 1914
gui_set_state_value -category Layout -key child_console_size_y -value 174
gui_set_state_value -category Layout -key child_data_size_x -value 169
gui_set_state_value -category Layout -key child_data_size_y -value 739
gui_set_state_value -category Layout -key child_hier_col3 -value {-1}
gui_set_state_value -category Layout -key child_hier_colpd -value 0
gui_set_state_value -category Layout -key child_hier_size_x -value 169
gui_set_state_value -category Layout -key child_hier_size_y -value 739
gui_set_state_value -category Layout -key child_source_docknewline -value false
gui_set_state_value -category Layout -key child_source_pos_x -value {-2}
gui_set_state_value -category Layout -key child_source_pos_y -value {-15}
gui_set_state_value -category Layout -key child_source_size_x -value 1579
gui_set_state_value -category Layout -key child_source_size_y -value 734
gui_set_state_value -category Layout -key child_wave_colname -value 210
gui_set_state_value -category Layout -key child_wave_colvalue -value 210
gui_set_state_value -category Layout -key child_wave_left -value 425
gui_set_state_value -category Layout -key child_wave_right -value 1038
gui_set_state_value -category Layout -key main_pos_x -value {-387}
gui_set_state_value -category Layout -key main_pos_y -value 46
gui_set_state_value -category Layout -key main_size_x -value 1527
gui_set_state_value -category Layout -key main_size_y -value 1058
gui_set_state_value -category Layout -key stand_wave_child_docknewline -value false
gui_set_state_value -category Layout -key stand_wave_child_pos_x -value {-2}
gui_set_state_value -category Layout -key stand_wave_child_pos_y -value {-15}
gui_set_state_value -category Layout -key stand_wave_child_size_x -value 1473
gui_set_state_value -category Layout -key stand_wave_child_size_y -value 632
gui_set_state_value -category Layout -key stand_wave_top_pos_x -value 49
gui_set_state_value -category Layout -key stand_wave_top_pos_y -value 116
gui_set_state_value -category Layout -key stand_wave_top_size_x -value 1517
gui_set_state_value -category Layout -key stand_wave_top_size_y -value 852
gui_create_state_key -category FindDialog -key m_pMatchCase -value_type bool -value false
gui_create_state_key -category FindDialog -key m_pMatchWord -value_type bool -value false
gui_create_state_key -category FindDialog -key m_pUseCombo -value_type string -value {}
gui_create_state_key -category FindDialog -key m_pWrapAround -value_type bool -value true
gui_state_default_create -off

# Begin command logging
gui_sim_run Ucli -exe ./simv -args {-ucligui  +a-in=69 +b-in=96} -dir .
gui_open_window Wave
gui_list_add -id Wave.1 -from Hier.1 { gcd_rtl_2009_test } -insertionbar
gui_sim_continue  
gui_zoom -window Wave.1 -factor 2
gui_zoom -window Wave.1 -full
