=======================DVE Context and Call Stack=========================
Command line: /soft1/synopsys/vcs/H-2013.06/gui/dve/amd64/bin/dve.exe -full64 -ucliplatform=amd64 -toolargs "-ucligui -toolexe ./simv +a-in=69 +b-in=96  -pid 18658" -toolin /tmp/vcs_20201116112826_18655_PB17061127..stdin -toolout /tmp/vcs_20201116112826_18655_PB17061127..stdout

--- Stack trace follows:
[Thread debugging using libthread_db enabled]
[New Thread 0x2b8aa3847940 (LWP 18834)]

warning: no loadable sections found in added symbol-file system-supplied DSO at 0x7fff029fd000
0x0000003884499e0f in waitpid () from /lib64/libc.so.6

Thread 2 (Thread 0x2b8aa3847940 (LWP 18834)):
#0  0x000000388500b280 in pthread_cond_timedwait@@GLIBC_2.3.2 () from /lib64/libpthread.so.0
#1  0x000000000286d179 in ?? ()
#2  0x000000000286d621 in QThread::msleep(unsigned long) ()
#3  0x0000000000febe34 in ag::dveXThread::run() ()
#4  0x000000000286d20f in QThreadInstance::start(void*) ()
#5  0x000000388500683d in start_thread () from /lib64/libpthread.so.0
#6  0x00000038844d4fcd in clone () from /lib64/libc.so.6
#7  0x0000000000000000 in ?? ()

Thread 1 (Thread 0x2b8aa2c1ab50 (LWP 18672)):
#0  0x0000003884499e0f in waitpid () from /lib64/libc.so.6
#1  0x000000388443c4a1 in do_system () from /lib64/libc.so.6
#2  0x000000388443c7f7 in system () from /lib64/libc.so.6
#3  0x00002b8aa0f79bb4 in SNPSle_10ee25eff68cd8461c9146fa1d0b35e87067f3c8015b313e639d2928478c79b3f673f99203bcf8be646006121000822323a7337474f31850 () from /soft1/synopsys/vcs/H-2013.06/amd64/lib/liberrorinf.so
#4  0x00002b8aa0f7a14b in SNPSle_10ee25eff68cd8461c9146fa1d0b35e87067f3c8015b313e81c34e9ac4c8988ef4a6e067b3aa9271e9f15440f9e8f69ebc77e2fd65860faa () from /soft1/synopsys/vcs/H-2013.06/amd64/lib/liberrorinf.so
#5  0x00002b8aa0f7b0ea in SNPSle_10ee25eff68cd8461c9146fa1d0b35e87067f3c8015b313efba706aab251478fa49e66610e453774633a6c152e7ef778f2202cda681f3d4e () from /soft1/synopsys/vcs/H-2013.06/amd64/lib/liberrorinf.so
#6  0x00002b8aa0f73f26 in SNPSle_d35ca1ff70d465c24c71e1f0ad6ba632 () from /soft1/synopsys/vcs/H-2013.06/amd64/lib/liberrorinf.so
#7  0x0000000001f59c68 in ag::logErrorMessage(ag::errorType, QString const&, bool) ()
#8  0x0000000001f5a4d5 in ?? ()
#9  0x00000038844331cf in exit () from /lib64/libc.so.6
#10 0x0000000001032ed6 in VCS_EXIT ()
#11 0x00000000010f92fb in SigHandler ()
#12 <signal handler called>
#13 0x00000038844ce162 in select () from /lib64/libc.so.6
#14 0x0000000002835028 in QEventLoop::processEvents(unsigned int) ()
#15 0x0000000001031b79 in ag::ovaEventLoop::processEvents(unsigned int) ()
#16 0x00000000028843b9 in QEventLoop::enterLoop() ()
#17 0x000000000288433a in QEventLoop::exec() ()
#18 0x0000000001031531 in run_cci_event_loop ()
#19 0x0000000000fee9eb in ag::ovaAppInst::enterEventLoop(int, char**) ()
#20 0x0000000000da627c in main ()
No context available
==========================================================================
