 
****************************************
  Report : Chip Summary
  Design : picorv32
  Version: H-2013.03-ICC-SP2
  Date   : Fri Jan  1 22:51:17 2021
****************************************
Std cell utilization: 70.25%  (122956/(175014-0))
(Non-fixed + Fixed)
Std cell utilization: 70.25%  (122956/(175014-0))
(Non-fixed only)
Chip area:            175014   sites, bbox (30.00 30.00 241.13 240.67) um
Std cell area:        122956   sites, (non-fixed:122956 fixed:0)
                      9019     cells, (non-fixed:9019   fixed:0)
Macro cell area:      0        sites
                      0        cells
Placement blockages:  0        sites, (excluding fixed std cells)
                      0        sites, (include fixed std cells & chimney area)
                      0        sites, (complete p/g net blockages)
Routing blockages:    0        sites, (partial p/g net blockages)
                      0        sites, (routing blockages and signal pre-route)
Lib cell count:       68 
Avg. std cell width:  1.97 um 
Site array:           unit     (width: 0.152 um, height: 1.672 um, rows: 126)
Physical DB scale:    1000 db_unit = 1 um 

 
****************************************
  Report : pnet options
  Design : picorv32
  Version: H-2013.03-ICC-SP2
  Date   : Fri Jan  1 22:51:17 2021
****************************************


--------------------------------------------------------------------
Layer      Blockage   Min_width   Min_height   Via_additive     Density
--------------------------------------------------------------------
M1         none          ---         ---       via additive      ---
M2         none          ---         ---       via additive      ---
M3         none          ---         ---       via additive      ---
M4         none          ---         ---       via additive      ---
M5         none          ---         ---       via additive      ---
M6         none          ---         ---       via additive      ---
M7         none          ---         ---       via additive      ---
M8         none          ---         ---       via additive      ---
M9         none          ---         ---       via additive      ---
MRDL       none          ---         ---       via additive      ---

**********************************
      Sub-Region Utilization      
**********************************
-------------------------------------------------------------
 region_llx  region_lly  region_urx  region_ury  utilization
-------------------------------------------------------------
     30.00      30.00      38.36      38.36        0.72
     30.00      38.36      38.36      46.72        0.75
     30.00      46.72      38.36      55.08        0.77
     30.00      55.08      38.36      63.44        0.72
     30.00      63.44      38.36      71.80        0.71
     30.00      71.80      38.36      80.16        0.80
     30.00      80.16      38.36      88.52        0.71
     30.00      88.52      38.36      96.88        0.79
     30.00      96.88      38.36     105.24        0.80
     30.00     105.24      38.36     113.60        0.66
     30.00     113.60      38.36     121.96        0.75
     30.00     121.96      38.36     130.32        0.77
     30.00     130.32      38.36     138.68        0.75
     30.00     138.68      38.36     147.04        0.69
     30.00     147.04      38.36     155.40        0.82
     30.00     155.40      38.36     163.76        0.71
     30.00     163.76      38.36     172.12        0.74
     30.00     172.12      38.36     180.48        0.71
     30.00     180.48      38.36     188.84        0.74
     30.00     188.84      38.36     197.20        0.74
     30.00     197.20      38.36     205.56        0.67
     30.00     205.56      38.36     213.92        0.80
     30.00     213.92      38.36     222.28        0.76
     30.00     222.28      38.36     230.64        0.71
     30.00     230.64      38.36     239.00        0.72
     30.00     239.00      38.36     240.67        0.98
     38.36      30.00      46.72      38.36        0.84
     38.36      38.36      46.72      46.72        0.66
     38.36      46.72      46.72      55.08        0.68
     38.36      55.08      46.72      63.44        0.77
     38.36      63.44      46.72      71.80        0.79
     38.36      71.80      46.72      80.16        0.66
     38.36      80.16      46.72      88.52        0.77
     38.36      88.52      46.72      96.88        0.75
     38.36      96.88      46.72     105.24        0.80
     38.36     105.24      46.72     113.60        0.77
     38.36     113.60      46.72     121.96        0.70
     38.36     121.96      46.72     130.32        0.75
     38.36     130.32      46.72     138.68        0.83
     38.36     138.68      46.72     147.04        0.76
     38.36     147.04      46.72     155.40        0.76
     38.36     155.40      46.72     163.76        0.72
     38.36     163.76      46.72     172.12        0.78
     38.36     172.12      46.72     180.48        0.77
     38.36     180.48      46.72     188.84        0.81
     38.36     188.84      46.72     197.20        0.74
     38.36     197.20      46.72     205.56        0.76
     38.36     205.56      46.72     213.92        0.78
     38.36     213.92      46.72     222.28        0.79
     38.36     222.28      46.72     230.64        0.77
     38.36     230.64      46.72     239.00        0.61
     38.36     239.00      46.72     240.67        1.00
     46.72      30.00      55.08      38.36        0.75
     46.72      38.36      55.08      46.72        0.75
     46.72      46.72      55.08      55.08        0.75
     46.72      55.08      55.08      63.44        0.83
     46.72      63.44      55.08      71.80        0.72
     46.72      71.80      55.08      80.16        0.66
     46.72      80.16      55.08      88.52        0.72
     46.72      88.52      55.08      96.88        0.73
     46.72      96.88      55.08     105.24        0.77
     46.72     105.24      55.08     113.60        0.62
     46.72     113.60      55.08     121.96        0.75
     46.72     121.96      55.08     130.32        0.77
     46.72     130.32      55.08     138.68        0.68
     46.72     138.68      55.08     147.04        0.83
     46.72     147.04      55.08     155.40        0.75
     46.72     155.40      55.08     163.76        0.68
     46.72     163.76      55.08     172.12        0.73
     46.72     172.12      55.08     180.48        0.77
     46.72     180.48      55.08     188.84        0.74
     46.72     188.84      55.08     197.20        0.69
     46.72     197.20      55.08     205.56        0.75
     46.72     205.56      55.08     213.92        0.69
     46.72     213.92      55.08     222.28        0.72
     46.72     222.28      55.08     230.64        0.80
     46.72     230.64      55.08     239.00        0.73
     46.72     239.00      55.08     240.67        0.76
     55.08      30.00      63.44      38.36        0.72
     55.08      38.36      63.44      46.72        0.76
     55.08      46.72      63.44      55.08        0.76
     55.08      55.08      63.44      63.44        0.75
     55.08      63.44      63.44      71.80        0.73
     55.08      71.80      63.44      80.16        0.68
     55.08      80.16      63.44      88.52        0.75
     55.08      88.52      63.44      96.88        0.56
     55.08      96.88      63.44     105.24        0.78
     55.08     105.24      63.44     113.60        0.59
     55.08     113.60      63.44     121.96        0.76
     55.08     121.96      63.44     130.32        0.76
     55.08     130.32      63.44     138.68        0.75
     55.08     138.68      63.44     147.04        0.71
     55.08     147.04      63.44     155.40        0.75
     55.08     155.40      63.44     163.76        0.68
     55.08     163.76      63.44     172.12        0.75
     55.08     172.12      63.44     180.48        0.73
     55.08     180.48      63.44     188.84        0.71
     55.08     188.84      63.44     197.20        0.67
     55.08     197.20      63.44     205.56        0.80
     55.08     205.56      63.44     213.92        0.67
     55.08     213.92      63.44     222.28        0.71
     55.08     222.28      63.44     230.64        0.68
     55.08     230.64      63.44     239.00        0.67
     55.08     239.00      63.44     240.67        0.96
     63.44      30.00      71.80      38.36        0.70
     63.44      38.36      71.80      46.72        0.72
     63.44      46.72      71.80      55.08        0.80
     63.44      55.08      71.80      63.44        0.74
     63.44      63.44      71.80      71.80        0.79
     63.44      71.80      71.80      80.16        0.73
     63.44      80.16      71.80      88.52        0.68
     63.44      88.52      71.80      96.88        0.67
     63.44      96.88      71.80     105.24        0.74
     63.44     105.24      71.80     113.60        0.72
     63.44     113.60      71.80     121.96        0.69
     63.44     121.96      71.80     130.32        0.77
     63.44     130.32      71.80     138.68        0.80
     63.44     138.68      71.80     147.04        0.72
     63.44     147.04      71.80     155.40        0.80
     63.44     155.40      71.80     163.76        0.76
     63.44     163.76      71.80     172.12        0.71
     63.44     172.12      71.80     180.48        0.77
     63.44     180.48      71.80     188.84        0.72
     63.44     188.84      71.80     197.20        0.74
     63.44     197.20      71.80     205.56        0.75
     63.44     205.56      71.80     213.92        0.67
     63.44     213.92      71.80     222.28        0.81
     63.44     222.28      71.80     230.64        0.72
     63.44     230.64      71.80     239.00        0.75
     63.44     239.00      71.80     240.67        0.98
     71.80      30.00      80.16      38.36        0.72
     71.80      38.36      80.16      46.72        0.73
     71.80      46.72      80.16      55.08        0.71
     71.80      55.08      80.16      63.44        0.81
     71.80      63.44      80.16      71.80        0.69
     71.80      71.80      80.16      80.16        0.67
     71.80      80.16      80.16      88.52        0.74
     71.80      88.52      80.16      96.88        0.75
     71.80      96.88      80.16     105.24        0.60
     71.80     105.24      80.16     113.60        0.67
     71.80     113.60      80.16     121.96        0.68
     71.80     121.96      80.16     130.32        0.67
     71.80     130.32      80.16     138.68        0.72
     71.80     138.68      80.16     147.04        0.69
     71.80     147.04      80.16     155.40        0.76
     71.80     155.40      80.16     163.76        0.73
     71.80     163.76      80.16     172.12        0.70
     71.80     172.12      80.16     180.48        0.68
     71.80     180.48      80.16     188.84        0.72
     71.80     188.84      80.16     197.20        0.77
     71.80     197.20      80.16     205.56        0.67
     71.80     205.56      80.16     213.92        0.77
     71.80     213.92      80.16     222.28        0.76
     71.80     222.28      80.16     230.64        0.69
     71.80     230.64      80.16     239.00        0.74
     71.80     239.00      80.16     240.67        0.78
     80.16      30.00      88.52      38.36        0.68
     80.16      38.36      88.52      46.72        0.73
     80.16      46.72      88.52      55.08        0.79
     80.16      55.08      88.52      63.44        0.78
     80.16      63.44      88.52      71.80        0.70
     80.16      71.80      88.52      80.16        0.69
     80.16      80.16      88.52      88.52        0.68
     80.16      88.52      88.52      96.88        0.56
     80.16      96.88      88.52     105.24        0.49
     80.16     105.24      88.52     113.60        0.55
     80.16     113.60      88.52     121.96        0.56
     80.16     121.96      88.52     130.32        0.39
     80.16     130.32      88.52     138.68        0.47
     80.16     138.68      88.52     147.04        0.54
     80.16     147.04      88.52     155.40        0.60
     80.16     155.40      88.52     163.76        0.69
     80.16     163.76      88.52     172.12        0.64
     80.16     172.12      88.52     180.48        0.67
     80.16     180.48      88.52     188.84        0.68
     80.16     188.84      88.52     197.20        0.71
     80.16     197.20      88.52     205.56        0.73
     80.16     205.56      88.52     213.92        0.71
     80.16     213.92      88.52     222.28        0.75
     80.16     222.28      88.52     230.64        0.76
     80.16     230.64      88.52     239.00        0.73
     80.16     239.00      88.52     240.67        0.69
     88.52      30.00      96.88      38.36        0.79
     88.52      38.36      96.88      46.72        0.71
     88.52      46.72      96.88      55.08        0.70
     88.52      55.08      96.88      63.44        0.78
     88.52      63.44      96.88      71.80        0.78
     88.52      71.80      96.88      80.16        0.70
     88.52      80.16      96.88      88.52        0.70
     88.52      88.52      96.88      96.88        0.55
     88.52      96.88      96.88     105.24        0.47
     88.52     105.24      96.88     113.60        0.52
     88.52     113.60      96.88     121.96        0.62
     88.52     121.96      96.88     130.32        0.45
     88.52     130.32      96.88     138.68        0.45
     88.52     138.68      96.88     147.04        0.51
     88.52     147.04      96.88     155.40        0.59
     88.52     155.40      96.88     163.76        0.65
     88.52     163.76      96.88     172.12        0.51
     88.52     172.12      96.88     180.48        0.49
     88.52     180.48      96.88     188.84        0.74
     88.52     188.84      96.88     197.20        0.58
     88.52     197.20      96.88     205.56        0.73
     88.52     205.56      96.88     213.92        0.79
     88.52     213.92      96.88     222.28        0.73
     88.52     222.28      96.88     230.64        0.77
     88.52     230.64      96.88     239.00        0.72
     88.52     239.00      96.88     240.67        0.84
     96.88      30.00     105.24      38.36        0.71
     96.88      38.36     105.24      46.72        0.74
     96.88      46.72     105.24      55.08        0.79
     96.88      55.08     105.24      63.44        0.65
     96.88      63.44     105.24      71.80        0.69
     96.88      71.80     105.24      80.16        0.73
     96.88      80.16     105.24      88.52        0.69
     96.88      88.52     105.24      96.88        0.65
     96.88      96.88     105.24     105.24        0.59
     96.88     105.24     105.24     113.60        0.56
     96.88     113.60     105.24     121.96        0.69
     96.88     121.96     105.24     130.32        0.70
     96.88     130.32     105.24     138.68        0.67
     96.88     138.68     105.24     147.04        0.71
     96.88     147.04     105.24     155.40        0.71
     96.88     155.40     105.24     163.76        0.71
     96.88     163.76     105.24     172.12        0.63
     96.88     172.12     105.24     180.48        0.57
     96.88     180.48     105.24     188.84        0.69
     96.88     188.84     105.24     197.20        0.69
     96.88     197.20     105.24     205.56        0.76
     96.88     205.56     105.24     213.92        0.72
     96.88     213.92     105.24     222.28        0.75
     96.88     222.28     105.24     230.64        0.82
     96.88     230.64     105.24     239.00        0.75
     96.88     239.00     105.24     240.67        0.76
    105.24      30.00     113.60      38.36        0.76
    105.24      38.36     113.60      46.72        0.72
    105.24      46.72     113.60      55.08        0.73
    105.24      55.08     113.60      63.44        0.70
    105.24      63.44     113.60      71.80        0.68
    105.24      71.80     113.60      80.16        0.73
    105.24      80.16     113.60      88.52        0.60
    105.24      88.52     113.60      96.88        0.57
    105.24      96.88     113.60     105.24        0.51
    105.24     105.24     113.60     113.60        0.62
    105.24     113.60     113.60     121.96        0.45
    105.24     121.96     113.60     130.32        0.59
    105.24     130.32     113.60     138.68        0.62
    105.24     138.68     113.60     147.04        0.64
    105.24     147.04     113.60     155.40        0.60
    105.24     155.40     113.60     163.76        0.63
    105.24     163.76     113.60     172.12        0.72
    105.24     172.12     113.60     180.48        0.64
    105.24     180.48     113.60     188.84        0.64
    105.24     188.84     113.60     197.20        0.70
    105.24     197.20     113.60     205.56        0.69
    105.24     205.56     113.60     213.92        0.75
    105.24     213.92     113.60     222.28        0.71
    105.24     222.28     113.60     230.64        0.73
    105.24     230.64     113.60     239.00        0.69
    105.24     239.00     113.60     240.67        0.93
    113.60      30.00     121.96      38.36        0.74
    113.60      38.36     121.96      46.72        0.81
    113.60      46.72     121.96      55.08        0.67
    113.60      55.08     121.96      63.44        0.82
    113.60      63.44     121.96      71.80        0.68
    113.60      71.80     121.96      80.16        0.76
    113.60      80.16     121.96      88.52        0.68
    113.60      88.52     121.96      96.88        0.64
    113.60      96.88     121.96     105.24        0.36
    113.60     105.24     121.96     113.60        0.49
    113.60     113.60     121.96     121.96        0.41
    113.60     121.96     121.96     130.32        0.52
    113.60     130.32     121.96     138.68        0.51
    113.60     138.68     121.96     147.04        0.59
    113.60     147.04     121.96     155.40        0.56
    113.60     155.40     121.96     163.76        0.55
    113.60     163.76     121.96     172.12        0.74
    113.60     172.12     121.96     180.48        0.63
    113.60     180.48     121.96     188.84        0.72
    113.60     188.84     121.96     197.20        0.68
    113.60     197.20     121.96     205.56        0.69
    113.60     205.56     121.96     213.92        0.75
    113.60     213.92     121.96     222.28        0.75
    113.60     222.28     121.96     230.64        0.76
    113.60     230.64     121.96     239.00        0.73
    113.60     239.00     121.96     240.67        0.75
    121.96      30.00     130.32      38.36        0.72
    121.96      38.36     130.32      46.72        0.76
    121.96      46.72     130.32      55.08        0.71
    121.96      55.08     130.32      63.44        0.72
    121.96      63.44     130.32      71.80        0.67
    121.96      71.80     130.32      80.16        0.74
    121.96      80.16     130.32      88.52        0.59
    121.96      88.52     130.32      96.88        0.71
    121.96      96.88     130.32     105.24        0.54
    121.96     105.24     130.32     113.60        0.56
    121.96     113.60     130.32     121.96        0.64
    121.96     121.96     130.32     130.32        0.54
    121.96     130.32     130.32     138.68        0.57
    121.96     138.68     130.32     147.04        0.69
    121.96     147.04     130.32     155.40        0.63
    121.96     155.40     130.32     163.76        0.61
    121.96     163.76     130.32     172.12        0.66
    121.96     172.12     130.32     180.48        0.74
    121.96     180.48     130.32     188.84        0.59
    121.96     188.84     130.32     197.20        0.68
    121.96     197.20     130.32     205.56        0.73
    121.96     205.56     130.32     213.92        0.72
    121.96     213.92     130.32     222.28        0.72
    121.96     222.28     130.32     230.64        0.77
    121.96     230.64     130.32     239.00        0.77
    121.96     239.00     130.32     240.67        0.75
    130.32      30.00     138.68      38.36        0.71
    130.32      38.36     138.68      46.72        0.81
    130.32      46.72     138.68      55.08        0.76
    130.32      55.08     138.68      63.44        0.71
    130.32      63.44     138.68      71.80        0.73
    130.32      71.80     138.68      80.16        0.60
    130.32      80.16     138.68      88.52        0.75
    130.32      88.52     138.68      96.88        0.75
    130.32      96.88     138.68     105.24        0.68
    130.32     105.24     138.68     113.60        0.61
    130.32     113.60     138.68     121.96        0.66
    130.32     121.96     138.68     130.32        0.64
    130.32     130.32     138.68     138.68        0.65
    130.32     138.68     138.68     147.04        0.62
    130.32     147.04     138.68     155.40        0.53
    130.32     155.40     138.68     163.76        0.65
    130.32     163.76     138.68     172.12        0.70
    130.32     172.12     138.68     180.48        0.69
    130.32     180.48     138.68     188.84        0.67
    130.32     188.84     138.68     197.20        0.65
    130.32     197.20     138.68     205.56        0.80
    130.32     205.56     138.68     213.92        0.73
    130.32     213.92     138.68     222.28        0.70
    130.32     222.28     138.68     230.64        0.76
    130.32     230.64     138.68     239.00        0.75
    130.32     239.00     138.68     240.67        0.75
    138.68      30.00     147.04      38.36        0.73
    138.68      38.36     147.04      46.72        0.72
    138.68      46.72     147.04      55.08        0.84
    138.68      55.08     147.04      63.44        0.77
    138.68      63.44     147.04      71.80        0.69
    138.68      71.80     147.04      80.16        0.72
    138.68      80.16     147.04      88.52        0.81
    138.68      88.52     147.04      96.88        0.67
    138.68      96.88     147.04     105.24        0.64
    138.68     105.24     147.04     113.60        0.66
    138.68     113.60     147.04     121.96        0.59
    138.68     121.96     147.04     130.32        0.61
    138.68     130.32     147.04     138.68        0.68
    138.68     138.68     147.04     147.04        0.55
    138.68     147.04     147.04     155.40        0.65
    138.68     155.40     147.04     163.76        0.63
    138.68     163.76     147.04     172.12        0.72
    138.68     172.12     147.04     180.48        0.74
    138.68     180.48     147.04     188.84        0.72
    138.68     188.84     147.04     197.20        0.70
    138.68     197.20     147.04     205.56        0.74
    138.68     205.56     147.04     213.92        0.58
    138.68     213.92     147.04     222.28        0.73
    138.68     222.28     147.04     230.64        0.76
    138.68     230.64     147.04     239.00        0.70
    138.68     239.00     147.04     240.67        0.82
    147.04      30.00     155.40      38.36        0.74
    147.04      38.36     155.40      46.72        0.77
    147.04      46.72     155.40      55.08        0.71
    147.04      55.08     155.40      63.44        0.71
    147.04      63.44     155.40      71.80        0.79
    147.04      71.80     155.40      80.16        0.76
    147.04      80.16     155.40      88.52        0.78
    147.04      88.52     155.40      96.88        0.70
    147.04      96.88     155.40     105.24        0.72
    147.04     105.24     155.40     113.60        0.65
    147.04     113.60     155.40     121.96        0.57
    147.04     121.96     155.40     130.32        0.68
    147.04     130.32     155.40     138.68        0.65
    147.04     138.68     155.40     147.04        0.60
    147.04     147.04     155.40     155.40        0.69
    147.04     155.40     155.40     163.76        0.76
    147.04     163.76     155.40     172.12        0.73
    147.04     172.12     155.40     180.48        0.71
    147.04     180.48     155.40     188.84        0.71
    147.04     188.84     155.40     197.20        0.75
    147.04     197.20     155.40     205.56        0.73
    147.04     205.56     155.40     213.92        0.63
    147.04     213.92     155.40     222.28        0.70
    147.04     222.28     155.40     230.64        0.80
    147.04     230.64     155.40     239.00        0.75
    147.04     239.00     155.40     240.67        0.76
    155.40      30.00     163.76      38.36        0.64
    155.40      38.36     163.76      46.72        0.77
    155.40      46.72     163.76      55.08        0.77
    155.40      55.08     163.76      63.44        0.76
    155.40      63.44     163.76      71.80        0.71
    155.40      71.80     163.76      80.16        0.79
    155.40      80.16     163.76      88.52        0.75
    155.40      88.52     163.76      96.88        0.75
    155.40      96.88     163.76     105.24        0.69
    155.40     105.24     163.76     113.60        0.61
    155.40     113.60     163.76     121.96        0.70
    155.40     121.96     163.76     130.32        0.70
    155.40     130.32     163.76     138.68        0.57
    155.40     138.68     163.76     147.04        0.59
    155.40     147.04     163.76     155.40        0.62
    155.40     155.40     163.76     163.76        0.79
    155.40     163.76     163.76     172.12        0.67
    155.40     172.12     163.76     180.48        0.79
    155.40     180.48     163.76     188.84        0.63
    155.40     188.84     163.76     197.20        0.70
    155.40     197.20     163.76     205.56        0.72
    155.40     205.56     163.76     213.92        0.53
    155.40     213.92     163.76     222.28        0.72
    155.40     222.28     163.76     230.64        0.78
    155.40     230.64     163.76     239.00        0.70
    155.40     239.00     163.76     240.67        0.84
    163.76      30.00     172.12      38.36        0.84
    163.76      38.36     172.12      46.72        0.75
    163.76      46.72     172.12      55.08        0.76
    163.76      55.08     172.12      63.44        0.73
    163.76      63.44     172.12      71.80        0.68
    163.76      71.80     172.12      80.16        0.77
    163.76      80.16     172.12      88.52        0.74
    163.76      88.52     172.12      96.88        0.73
    163.76      96.88     172.12     105.24        0.68
    163.76     105.24     172.12     113.60        0.58
    163.76     113.60     172.12     121.96        0.59
    163.76     121.96     172.12     130.32        0.67
    163.76     130.32     172.12     138.68        0.64
    163.76     138.68     172.12     147.04        0.62
    163.76     147.04     172.12     155.40        0.63
    163.76     155.40     172.12     163.76        0.70
    163.76     163.76     172.12     172.12        0.70
    163.76     172.12     172.12     180.48        0.64
    163.76     180.48     172.12     188.84        0.66
    163.76     188.84     172.12     197.20        0.75
    163.76     197.20     172.12     205.56        0.65
    163.76     205.56     172.12     213.92        0.67
    163.76     213.92     172.12     222.28        0.76
    163.76     222.28     172.12     230.64        0.75
    163.76     230.64     172.12     239.00        0.75
    163.76     239.00     172.12     240.67        0.82
    172.12      30.00     180.48      38.36        0.76
    172.12      38.36     180.48      46.72        0.68
    172.12      46.72     180.48      55.08        0.73
    172.12      55.08     180.48      63.44        0.78
    172.12      63.44     180.48      71.80        0.80
    172.12      71.80     180.48      80.16        0.69
    172.12      80.16     180.48      88.52        0.83
    172.12      88.52     180.48      96.88        0.61
    172.12      96.88     180.48     105.24        0.63
    172.12     105.24     180.48     113.60        0.52
    172.12     113.60     180.48     121.96        0.71
    172.12     121.96     180.48     130.32        0.60
    172.12     130.32     180.48     138.68        0.64
    172.12     138.68     180.48     147.04        0.55
    172.12     147.04     180.48     155.40        0.59
    172.12     155.40     180.48     163.76        0.65
    172.12     163.76     180.48     172.12        0.71
    172.12     172.12     180.48     180.48        0.68
    172.12     180.48     180.48     188.84        0.62
    172.12     188.84     180.48     197.20        0.76
    172.12     197.20     180.48     205.56        0.79
    172.12     205.56     180.48     213.92        0.68
    172.12     213.92     180.48     222.28        0.68
    172.12     222.28     180.48     230.64        0.73
    172.12     230.64     180.48     239.00        0.67
    172.12     239.00     180.48     240.67        0.91
    180.48      30.00     188.84      38.36        0.72
    180.48      38.36     188.84      46.72        0.80
    180.48      46.72     188.84      55.08        0.75
    180.48      55.08     188.84      63.44        0.77
    180.48      63.44     188.84      71.80        0.71
    180.48      71.80     188.84      80.16        0.80
    180.48      80.16     188.84      88.52        0.68
    180.48      88.52     188.84      96.88        0.67
    180.48      96.88     188.84     105.24        0.59
    180.48     105.24     188.84     113.60        0.58
    180.48     113.60     188.84     121.96        0.57
    180.48     121.96     188.84     130.32        0.63
    180.48     130.32     188.84     138.68        0.67
    180.48     138.68     188.84     147.04        0.57
    180.48     147.04     188.84     155.40        0.53
    180.48     155.40     188.84     163.76        0.71
    180.48     163.76     188.84     172.12        0.67
    180.48     172.12     188.84     180.48        0.66
    180.48     180.48     188.84     188.84        0.64
    180.48     188.84     188.84     197.20        0.74
    180.48     197.20     188.84     205.56        0.80
    180.48     205.56     188.84     213.92        0.63
    180.48     213.92     188.84     222.28        0.77
    180.48     222.28     188.84     230.64        0.73
    180.48     230.64     188.84     239.00        0.70
    180.48     239.00     188.84     240.67        0.93
    188.84      30.00     197.20      38.36        0.77
    188.84      38.36     197.20      46.72        0.75
    188.84      46.72     197.20      55.08        0.74
    188.84      55.08     197.20      63.44        0.73
    188.84      63.44     197.20      71.80        0.80
    188.84      71.80     197.20      80.16        0.79
    188.84      80.16     197.20      88.52        0.66
    188.84      88.52     197.20      96.88        0.66
    188.84      96.88     197.20     105.24        0.61
    188.84     105.24     197.20     113.60        0.60
    188.84     113.60     197.20     121.96        0.71
    188.84     121.96     197.20     130.32        0.61
    188.84     130.32     197.20     138.68        0.69
    188.84     138.68     197.20     147.04        0.57
    188.84     147.04     197.20     155.40        0.59
    188.84     155.40     197.20     163.76        0.71
    188.84     163.76     197.20     172.12        0.74
    188.84     172.12     197.20     180.48        0.64
    188.84     180.48     197.20     188.84        0.72
    188.84     188.84     197.20     197.20        0.70
    188.84     197.20     197.20     205.56        0.75
    188.84     205.56     197.20     213.92        0.70
    188.84     213.92     197.20     222.28        0.76
    188.84     222.28     197.20     230.64        0.74
    188.84     230.64     197.20     239.00        0.69
    188.84     239.00     197.20     240.67        1.00
    197.20      30.00     205.56      38.36        0.76
    197.20      38.36     205.56      46.72        0.76
    197.20      46.72     205.56      55.08        0.75
    197.20      55.08     205.56      63.44        0.79
    197.20      63.44     205.56      71.80        0.72
    197.20      71.80     205.56      80.16        0.72
    197.20      80.16     205.56      88.52        0.81
    197.20      88.52     205.56      96.88        0.65
    197.20      96.88     205.56     105.24        0.67
    197.20     105.24     205.56     113.60        0.56
    197.20     113.60     205.56     121.96        0.62
    197.20     121.96     205.56     130.32        0.67
    197.20     130.32     205.56     138.68        0.64
    197.20     138.68     205.56     147.04        0.62
    197.20     147.04     205.56     155.40        0.68
    197.20     155.40     205.56     163.76        0.67
    197.20     163.76     205.56     172.12        0.69
    197.20     172.12     205.56     180.48        0.65
    197.20     180.48     205.56     188.84        0.77
    197.20     188.84     205.56     197.20        0.76
    197.20     197.20     205.56     205.56        0.75
    197.20     205.56     205.56     213.92        0.71
    197.20     213.92     205.56     222.28        0.71
    197.20     222.28     205.56     230.64        0.79
    197.20     230.64     205.56     239.00        0.66
    197.20     239.00     205.56     240.67        1.00
    205.56      30.00     213.92      38.36        0.75
    205.56      38.36     213.92      46.72        0.77
    205.56      46.72     213.92      55.08        0.72
    205.56      55.08     213.92      63.44        0.83
    205.56      63.44     213.92      71.80        0.66
    205.56      71.80     213.92      80.16        0.70
    205.56      80.16     213.92      88.52        0.76
    205.56      88.52     213.92      96.88        0.77
    205.56      96.88     213.92     105.24        0.67
    205.56     105.24     213.92     113.60        0.76
    205.56     113.60     213.92     121.96        0.66
    205.56     121.96     213.92     130.32        0.68
    205.56     130.32     213.92     138.68        0.61
    205.56     138.68     213.92     147.04        0.59
    205.56     147.04     213.92     155.40        0.72
    205.56     155.40     213.92     163.76        0.78
    205.56     163.76     213.92     172.12        0.61
    205.56     172.12     213.92     180.48        0.63
    205.56     180.48     213.92     188.84        0.70
    205.56     188.84     213.92     197.20        0.74
    205.56     197.20     213.92     205.56        0.66
    205.56     205.56     213.92     213.92        0.73
    205.56     213.92     213.92     222.28        0.74
    205.56     222.28     213.92     230.64        0.76
    205.56     230.64     213.92     239.00        0.71
    205.56     239.00     213.92     240.67        0.80
    213.92      30.00     222.28      38.36        0.70
    213.92      38.36     222.28      46.72        0.75
    213.92      46.72     222.28      55.08        0.66
    213.92      55.08     222.28      63.44        0.70
    213.92      63.44     222.28      71.80        0.71
    213.92      71.80     222.28      80.16        0.77
    213.92      80.16     222.28      88.52        0.65
    213.92      88.52     222.28      96.88        0.76
    213.92      96.88     222.28     105.24        0.73
    213.92     105.24     222.28     113.60        0.71
    213.92     113.60     222.28     121.96        0.76
    213.92     121.96     222.28     130.32        0.68
    213.92     130.32     222.28     138.68        0.74
    213.92     138.68     222.28     147.04        0.71
    213.92     147.04     222.28     155.40        0.71
    213.92     155.40     222.28     163.76        0.76
    213.92     163.76     222.28     172.12        0.74
    213.92     172.12     222.28     180.48        0.62
    213.92     180.48     222.28     188.84        0.75
    213.92     188.84     222.28     197.20        0.63
    213.92     197.20     222.28     205.56        0.72
    213.92     205.56     222.28     213.92        0.79
    213.92     213.92     222.28     222.28        0.67
    213.92     222.28     222.28     230.64        0.77
    213.92     230.64     222.28     239.00        0.73
    213.92     239.00     222.28     240.67        0.91
    222.28      30.00     230.64      38.36        0.75
    222.28      38.36     230.64      46.72        0.80
    222.28      46.72     230.64      55.08        0.73
    222.28      55.08     230.64      63.44        0.75
    222.28      63.44     230.64      71.80        0.81
    222.28      71.80     230.64      80.16        0.78
    222.28      80.16     230.64      88.52        0.66
    222.28      88.52     230.64      96.88        0.81
    222.28      96.88     230.64     105.24        0.65
    222.28     105.24     230.64     113.60        0.74
    222.28     113.60     230.64     121.96        0.68
    222.28     121.96     230.64     130.32        0.74
    222.28     130.32     230.64     138.68        0.73
    222.28     138.68     230.64     147.04        0.79
    222.28     147.04     230.64     155.40        0.73
    222.28     155.40     230.64     163.76        0.79
    222.28     163.76     230.64     172.12        0.75
    222.28     172.12     230.64     180.48        0.69
    222.28     180.48     230.64     188.84        0.68
    222.28     188.84     230.64     197.20        0.74
    222.28     197.20     230.64     205.56        0.71
    222.28     205.56     230.64     213.92        0.73
    222.28     213.92     230.64     222.28        0.73
    222.28     222.28     230.64     230.64        0.71
    222.28     230.64     230.64     239.00        0.75
    222.28     239.00     230.64     240.67        1.00
    230.64      30.00     239.00      38.36        0.74
    230.64      38.36     239.00      46.72        0.83
    230.64      46.72     239.00      55.08        0.68
    230.64      55.08     239.00      63.44        0.81
    230.64      63.44     239.00      71.80        0.75
    230.64      71.80     239.00      80.16        0.75
    230.64      80.16     239.00      88.52        0.70
    230.64      88.52     239.00      96.88        0.77
    230.64      96.88     239.00     105.24        0.72
    230.64     105.24     239.00     113.60        0.67
    230.64     113.60     239.00     121.96        0.79
    230.64     121.96     239.00     130.32        0.76
    230.64     130.32     239.00     138.68        0.76
    230.64     138.68     239.00     147.04        0.73
    230.64     147.04     239.00     155.40        0.73
    230.64     155.40     239.00     163.76        0.73
    230.64     163.76     239.00     172.12        0.76
    230.64     172.12     239.00     180.48        0.69
    230.64     180.48     239.00     188.84        0.77
    230.64     188.84     239.00     197.20        0.75
    230.64     197.20     239.00     205.56        0.78
    230.64     205.56     239.00     213.92        0.79
    230.64     213.92     239.00     222.28        0.75
    230.64     222.28     239.00     230.64        0.73
    230.64     230.64     239.00     239.00        0.73
    230.64     239.00     239.00     240.67        0.98
    239.00      30.00     241.13      38.36        0.63
    239.00      38.36     241.13      46.72        0.84
    239.00      46.72     241.13      55.08        0.56
    239.00      55.08     241.13      63.44        0.76
    239.00      63.44     241.13      71.80        0.70
    239.00      71.80     241.13      80.16        0.86
    239.00      80.16     241.13      88.52        0.74
    239.00      88.52     241.13      96.88        0.80
    239.00      96.88     241.13     105.24        0.79
    239.00     105.24     241.13     113.60        0.69
    239.00     113.60     241.13     121.96        0.63
    239.00     121.96     241.13     130.32        0.76
    239.00     130.32     241.13     138.68        0.80
    239.00     138.68     241.13     147.04        0.57
    239.00     147.04     241.13     155.40        0.76
    239.00     155.40     241.13     163.76        0.80
    239.00     163.76     241.13     172.12        0.79
    239.00     172.12     241.13     180.48        0.67
    239.00     180.48     241.13     188.84        0.61
    239.00     188.84     241.13     197.20        0.69
    239.00     197.20     241.13     205.56        0.66
    239.00     205.56     241.13     213.92        0.66
    239.00     213.92     241.13     222.28        0.63
    239.00     222.28     241.13     230.64        0.60
    239.00     230.64     241.13     239.00        0.67
    239.00     239.00     241.13     240.67        1.00
-----------------------------------------------------------

Number of regions with placement utilization 0 - 0.125 is 0 (0.00%)
Number of regions with placement utilization 0.125 - 0.25 is 0 (0.00%)
Number of regions with placement utilization 0.25 - 0.375 is 1 (0.15%)
Number of regions with placement utilization 0.375 - 0.5 is 10 (1.48%)
Number of regions with placement utilization 0.5 - 0.625 is 84 (12.43%)
Number of regions with placement utilization 0.625 - 0.75 is 388 (57.40%)
Number of regions with placement utilization 0.75 - 0.875 is 180 (26.63%)
Number of regions with placement utilization 0.875 - 1 is 13 (1.92%)
1
