/soft1/synopsys/synthesis/L-2016.03-SP5/auxx/gui/dv/dv_setup.tcl
/soft1/synopsys/synthesis/L-2016.03-SP5/auxx/gui/syn/snpsSynProcs.tcl
/soft1/synopsys/synthesis/L-2016.03-SP5/auxx/gui/syn/layout/pkgIndex.tcl
/soft1/synopsys/synthesis/L-2016.03-SP5/auxx/gui/common/tq/pkgIndex.tcl
/soft1/synopsys/synthesis/L-2016.03-SP5/auxx/gui/common/docBrowser/pkgIndex.tcl
/soft1/synopsys/synthesis/L-2016.03-SP5/auxx/gui/common/qtcl/pkgIndex.tcl
/soft1/synopsys/synthesis/L-2016.03-SP5/auxx/gui/common/profiler/pkgIndex.tcl
/soft1/synopsys/synthesis/L-2016.03-SP5/auxx/gui/common/highlight/pkgIndex.tcl
/soft1/synopsys/synthesis/L-2016.03-SP5/auxx/gui/common/tiledview/pkgIndex.tcl
/soft1/synopsys/synthesis/L-2016.03-SP5/auxx/gui/common/mrupalette/pkgIndex.tcl
/soft1/synopsys/synthesis/L-2016.03-SP5/auxx/gui/common/histogram/pkgIndex.tcl
/soft1/synopsys/synthesis/L-2016.03-SP5/auxx/gui/common/palettegroup/pkgIndex.tcl
/soft1/synopsys/synthesis/L-2016.03-SP5/auxx/gui/common/layout/pkgIndex.tcl
/soft1/synopsys/synthesis/L-2016.03-SP5/auxx/gui/common/select/pkgIndex.tcl
/soft1/synopsys/synthesis/L-2016.03-SP5/auxx/gui/common/pathinspector/pkgIndex.tcl
/soft1/synopsys/synthesis/L-2016.03-SP5/auxx/gui/common/regressionToolkit/pkgIndex.tcl
/soft1/synopsys/synthesis/L-2016.03-SP5/auxx/gui/common/fanoutviewer/pkgIndex.tcl
/soft1/synopsys/synthesis/L-2016.03-SP5/auxx/gui/common/table/pkgIndex.tcl
/soft1/synopsys/synthesis/L-2016.03-SP5/auxx/gui/common/opdlg/pkgIndex.tcl
/soft1/synopsys/synthesis/L-2016.03-SP5/auxx/gui/common/timing/pkgIndex.tcl
/soft1/synopsys/synthesis/L-2016.03-SP5/auxx/gui/common/acg/pkgIndex.tcl
/soft1/synopsys/synthesis/L-2016.03-SP5/auxx/gui/common/strokes/pkgIndex.tcl
/soft1/synopsys/synthesis/L-2016.03-SP5/auxx/gui/common/libviewer/pkgIndex.tcl
/soft1/synopsys/synthesis/L-2016.03-SP5/auxx/gui/common/menus/pkgIndex.tcl
/soft1/synopsys/synthesis/L-2016.03-SP5/auxx/gui/common/view/pkgIndex.tcl
/soft1/synopsys/synthesis/L-2016.03-SP5/auxx/gui/common/commandform/pkgIndex.tcl
/soft1/synopsys/synthesis/L-2016.03-SP5/auxx/gui/common/WindowFrameWork/pkgIndex.tcl
/soft1/synopsys/synthesis/L-2016.03-SP5/auxx/gui/common/schematic/pkgIndex.tcl
/soft1/synopsys/synthesis/L-2016.03-SP5/auxx/gui/common/misc/pkgIndex.tcl
/soft1/synopsys/synthesis/L-2016.03-SP5/auxx/gui/common/tcl-dp/pkgIndex.tcl
/soft1/synopsys/synthesis/L-2016.03-SP5/auxx/gui/common/dialogs/pkgIndex.tcl
/soft1/synopsys/synthesis/L-2016.03-SP5/auxx/gui/common/setup/pkgIndex.tcl
/soft1/synopsys/synthesis/L-2016.03-SP5/auxx/gui/common/hierarchy/pkgIndex.tcl
/soft1/synopsys/synthesis/L-2016.03-SP5/auxx/gui/dv/pkgIndex.tcl
/soft1/synopsys/synthesis/L-2016.03-SP5/auxx/syn/lib/pkgIndex.tcl
/soft1/synopsys/synthesis/L-2016.03-SP5/auxx/tcllib/lib/iwidgets4.1/pkgIndex.tcl
/soft1/synopsys/synthesis/L-2016.03-SP5/auxx/tcllib/snps_tcl/snpsTclPro/pkgIndex.tcl
/soft1/synopsys/synthesis/L-2016.03-SP5/auxx/tcllib/snps_tcl/snpsTest/pkgIndex.tcl
/soft1/synopsys/synthesis/L-2016.03-SP5/auxx/tcllib/snps_tcl/snpsUtils/pkgIndex.tcl
/soft1/synopsys/synthesis/L-2016.03-SP5/auxx/tcllib/snps_tcl/pkgIndex.tcl
/soft1/synopsys/synthesis/L-2016.03-SP5/auxx/tcllib/lib/tcl8.6/reg/pkgIndex.tcl
/soft1/synopsys/synthesis/L-2016.03-SP5/auxx/tcllib/lib/tcl8.6/dde/pkgIndex.tcl
/soft1/synopsys/synthesis/L-2016.03-SP5/auxx/tcllib/lib/tcl8.6/platform/pkgIndex.tcl
/soft1/synopsys/synthesis/L-2016.03-SP5/auxx/tcllib/lib/tcl8.6/tcltest/pkgIndex.tcl
/soft1/synopsys/synthesis/L-2016.03-SP5/auxx/tcllib/lib/tcl8.6/http/pkgIndex.tcl
/soft1/synopsys/synthesis/L-2016.03-SP5/auxx/tcllib/lib/tcl8.6/msgcat/pkgIndex.tcl
/soft1/synopsys/synthesis/L-2016.03-SP5/auxx/tcllib/lib/tcl8.6/http1.0/pkgIndex.tcl
/soft1/synopsys/synthesis/L-2016.03-SP5/auxx/tcllib/lib/tcl8.6/opt/pkgIndex.tcl
/soft1/synopsys/synthesis/L-2016.03-SP5/auxx/gui/common/setup/snpsCommonSetup.tcl
/soft1/synopsys/synthesis/L-2016.03-SP5/auxx/gui/common/setup/snpsCustomize.tcl
/soft1/synopsys/synthesis/L-2016.03-SP5/auxx/gui/common/setup/snpsProcheck.tcl
/soft1/synopsys/synthesis/L-2016.03-SP5/auxx/gui/common/qtcl/.synopsys_qtcl.tcl
/soft1/synopsys/synthesis/L-2016.03-SP5/auxx/gui/common/highlight/highlight.tcl
/soft1/synopsys/synthesis/L-2016.03-SP5/auxx/gui/common/misc/base.tcl
/soft1/synopsys/synthesis/L-2016.03-SP5/auxx/gui/common/misc/timing.tcl
/soft1/synopsys/synthesis/L-2016.03-SP5/auxx/gui/common/misc/setting.tcl
/soft1/synopsys/synthesis/L-2016.03-SP5/auxx/gui/common/misc/preset.tcl
/soft1/synopsys/synthesis/L-2016.03-SP5/auxx/gui/common/WindowFrameWork/windowFrameWork.tcl
/soft1/synopsys/synthesis/L-2016.03-SP5/auxx/gui/common/WindowFrameWork/skipBusyCursorCmdList.tcl
/soft1/synopsys/synthesis/L-2016.03-SP5/auxx/gui/common/docBrowser/docBrowser.tcl
/soft1/synopsys/synthesis/L-2016.03-SP5/auxx/tcllib/snps_tcl/snpsUtils/snpsUtils.tcl
/soft1/synopsys/synthesis/L-2016.03-SP5/auxx/gui/common/dialogs/ObjectChooser.tcl
/soft1/synopsys/synthesis/L-2016.03-SP5/auxx/gui/common/misc/DialogObjectChooser.tcl
/soft1/synopsys/synthesis/L-2016.03-SP5/auxx/gui/common/dialogs/HistBinInformation.tcl
/soft1/synopsys/synthesis/L-2016.03-SP5/auxx/gui/common/dialogs/HistBin1Information.tcl
/soft1/synopsys/synthesis/L-2016.03-SP5/auxx/gui/common/dialogs/BinsOnlyInformation.tcl
/soft1/synopsys/synthesis/L-2016.03-SP5/auxx/gui/common/dialogs/FileChooser.tcl
/soft1/synopsys/synthesis/L-2016.03-SP5/auxx/gui/common/dialogs/PathPinSimpleInfo.tcl
/soft1/synopsys/synthesis/L-2016.03-SP5/auxx/gui/common/dialogs/PathsBasicInfo.tcl
/soft1/synopsys/synthesis/L-2016.03-SP5/auxx/gui/common/dialogs/PathsBasicSimpleInfo.tcl
/soft1/synopsys/synthesis/L-2016.03-SP5/auxx/gui/common/dialogs/SlctOperationInfo.tcl
/soft1/synopsys/synthesis/L-2016.03-SP5/auxx/gui/common/dialogs/ObjectListInfo.tcl
/soft1/synopsys/synthesis/L-2016.03-SP5/auxx/gui/common/dialogs/FanInOutInfo.tcl
/soft1/synopsys/synthesis/L-2016.03-SP5/auxx/gui/common/dialogs/NumberOfLevelsChooser.tcl
/soft1/synopsys/synthesis/L-2016.03-SP5/auxx/gui/common/dialogs/WindowReuseInfo.tcl
/soft1/synopsys/synthesis/L-2016.03-SP5/auxx/gui/common/dialogs/ReportOutputOptionInfo.tcl
/soft1/synopsys/synthesis/L-2016.03-SP5/auxx/gui/common/setup/snpsCollections.tcl
/soft1/synopsys/synthesis/L-2016.03-SP5/auxx/gui/common/dialogs/CompileLinkDesign.tcl
/soft1/synopsys/synthesis/L-2016.03-SP5/auxx/gui/common/histogram/DialogEndpointSlack.tcl
/soft1/synopsys/synthesis/L-2016.03-SP5/auxx/gui/common/histogram/DialogPathsSlack.tcl
/soft1/synopsys/synthesis/L-2016.03-SP5/auxx/gui/common/histogram/DialogNetCapacitance.tcl
/soft1/synopsys/synthesis/L-2016.03-SP5/auxx/gui/common/schematic/DialogPathSchematicFanInOut.tcl
/soft1/synopsys/synthesis/L-2016.03-SP5/auxx/gui/common/schematic/DialogPathSchematicAddPaths.tcl
/soft1/synopsys/synthesis/L-2016.03-SP5/libraries/syn/gtech.db
/soft1/synopsys/synthesis/L-2016.03-SP5/libraries/syn/standard.sldb
/bks2/PB17061127/DA_VLSI_Lab3/results/gcd_map.ddc
/bks2/PB17061127/DA_VLSI_Lab3/rm_setup/dc_setup.tcl
/bks2/PB17061127/DA_VLSI_Lab3/rm_setup/common_setup.tcl
/js1/songch/SAED32_EDK/references/orca/icc/models/saed32nm_max_0d95_125.db
/js1/songch/SAED32_EDK/references/orca/icc/models/saed32nm_min_0d95_125.db
/bks2/PB17061127/DA_VLSI_Lab3/verilog/gcd_optimized.v
/js1/songch/SAED32_EDK/lib/stdcell_rvt/db_nldm/saed32rvt_ss0p95v125c.db
/soft1/synopsys/synthesis/L-2016.03-SP5/libraries/syn/dw_foundation.sldb
/js1/songch/SAED32_EDK/references/orca/icc/models/saed32nm_max_0d95_125.db
/js1/songch/SAED32_EDK/references/orca/icc/models/saed32nm_min_0d95_125.db
/js1/songch/SAED32_EDK/lib/stdcell_rvt/db_nldm/saed32rvt_ss0p95v125c.db
/js1/songch/SAED32_EDK/lib/stdcell_rvt/db_nldm/saed32rvt_ss0p95v125c.db
